Change Component Designator: Old Designator=C11 New Designator=C12
Change Component Designator: Old Designator=C12 New Designator=C14
Change Component Designator: Old Designator=C13 New Designator=C15
Change Component Designator: Old Designator=C14 New Designator=C20
Change Component Designator: Old Designator=C15 New Designator=C21
Change Component Designator: Old Designator=C21 New Designator=C17
Change Component Designator: Old Designator=C22 New Designator=C18
Change Component Designator: Old Designator=C23 New Designator=C19
Change Component Designator: Old Designator=C27 New Designator=C22
Change Component Designator: Old Designator=C28 New Designator=C23
Change Component Designator: Old Designator=C29 New Designator=C24
Change Component Designator: Old Designator=C? New Designator=C11
Change Component Designator: Old Designator=C? New Designator=C13
Change Component Designator: Old Designator=L2 New Designator=L1
Change Component Designator: Old Designator=R21 New Designator=R20
Change Component Designator: Old Designator=R23 New Designator=R21
Change Component Designator: Old Designator=R24 New Designator=R23
Change Component Designator: Old Designator=R25 New Designator=R24
Change Component Designator: Old Designator=R26 New Designator=R25
Change Component Designator: Old Designator=R27 New Designator=R26
Change Component Designator: Old Designator=R28 New Designator=R27
Change Component Designator: Old Designator=R? New Designator=R22
Change Component Designator: Old Designator=U? New Designator=U3
