Change Component Designator: Old Designator=C52 New Designator=C34
Change Component Designator: Old Designator=C53 New Designator=C35
Change Component Designator: Old Designator=C54 New Designator=C36
Change Component Designator: Old Designator=C55 New Designator=C37
Change Component Designator: Old Designator=C56 New Designator=C38
Change Component Designator: Old Designator=C57 New Designator=C39
Change Component Designator: Old Designator=C58 New Designator=C40
Change Component Designator: Old Designator=D19 New Designator=D12
Change Component Designator: Old Designator=P4 New Designator=P2
Change Component Designator: Old Designator=P5 New Designator=P3
Change Component Designator: Old Designator=R67 New Designator=R35
Change Component Designator: Old Designator=R68 New Designator=R36
Change Component Designator: Old Designator=R69 New Designator=R37
Change Component Designator: Old Designator=R70 New Designator=R38
Change Component Designator: Old Designator=R71 New Designator=R39
Change Component Designator: Old Designator=R72 New Designator=R40
Change Component Designator: Old Designator=R73 New Designator=R41
Change Component Designator: Old Designator=R74 New Designator=R42
Change Component Designator: Old Designator=R75 New Designator=R43
Change Component Designator: Old Designator=R76 New Designator=R44
Change Component Designator: Old Designator=U11 New Designator=U5
