Removed Pin From Net: NetName=+3.3V Pin=C31-1
Removed Pin From Net: NetName=+3.3V Pin=L4-2
Removed Pin From Net: NetName=12V_LED Pin=R34-2
Removed Pin From Net: NetName=+3.3V Pin=TP1-1
Change Component Designator: OldDesignator=C32 NewDesignator=C33
Change Component Designator: OldDesignator=C33 NewDesignator=C32
Change Component Designator: OldDesignator=D8 NewDesignator=D9
Change Component Designator: OldDesignator=D9 NewDesignator=D10
Change Component Designator: OldDesignator=D10 NewDesignator=D13
Change Component Designator: OldDesignator=D11 NewDesignator=D14
Change Component Designator: OldDesignator=D12 NewDesignator=D15
Change Component Designator: OldDesignator=P2 NewDesignator=P3
Change Component Designator: OldDesignator=P3 NewDesignator=P4
Change Component Designator: OldDesignator=TP1 NewDesignator=TP5
Change Component Designator: OldDesignator=TP2 NewDesignator=TP7
Change Component Designator: OldDesignator=TP3 NewDesignator=TP8
Change Component Designator: OldDesignator=TP4 NewDesignator=TP9
Added Component: Designator=D8(SS34)
Add component (AddParameter): Name = "Code_JEDEC"; Value = "DO-214-AA"; VariantName = "[No Variations]"
Add component (AddParameter): Name = "LatestRevisionDate"; Value = "17-Jul-2002"; VariantName = "[No Variations]"
Add component (AddParameter): Name = "LatestRevisionNote"; Value = "Re-released for DXP Platform."; VariantName = "[No Variations]"
Add component (AddParameter): Name = "PackageDescription"; Value = "DO-214-AA/SMB; 2 C-Bend Leads; Body 5.3 x 3.6 mm, inc. leads (LxW)"; VariantName = "[No Variations]"
Add component (AddParameter): Name = "PackageReference"; Value = "SMB"; VariantName = "[No Variations]"
Add component (AddParameter): Name = "Published"; Value = "8-Jun-2000"; VariantName = "[No Variations]"
Add component (AddParameter): Name = "Publisher"; Value = "Altium Limited"; VariantName = "[No Variations]"
Added Component: Designator=D11(SS34)
Add component (AddParameter): Name = "Code_JEDEC"; Value = "DO-214-AA"; VariantName = "[No Variations]"
Add component (AddParameter): Name = "LatestRevisionDate"; Value = "17-Jul-2002"; VariantName = "[No Variations]"
Add component (AddParameter): Name = "LatestRevisionNote"; Value = "Re-released for DXP Platform."; VariantName = "[No Variations]"
Add component (AddParameter): Name = "PackageDescription"; Value = "DO-214-AA/SMB; 2 C-Bend Leads; Body 5.3 x 3.6 mm, inc. leads (LxW)"; VariantName = "[No Variations]"
Add component (AddParameter): Name = "PackageReference"; Value = "SMB"; VariantName = "[No Variations]"
Add component (AddParameter): Name = "Published"; Value = "8-Jun-2000"; VariantName = "[No Variations]"
Add component (AddParameter): Name = "Publisher"; Value = "Altium Limited"; VariantName = "[No Variations]"
Added Component: Designator=D12(SS34)
Add component (AddParameter): Name = "Code_JEDEC"; Value = "DO-214-AA"; VariantName = "[No Variations]"
Add component (AddParameter): Name = "LatestRevisionDate"; Value = "17-Jul-2002"; VariantName = "[No Variations]"
Add component (AddParameter): Name = "LatestRevisionNote"; Value = "Re-released for DXP Platform."; VariantName = "[No Variations]"
Add component (AddParameter): Name = "PackageDescription"; Value = "DO-214-AA/SMB; 2 C-Bend Leads; Body 5.3 x 3.6 mm, inc. leads (LxW)"; VariantName = "[No Variations]"
Add component (AddParameter): Name = "PackageReference"; Value = "SMB"; VariantName = "[No Variations]"
Add component (AddParameter): Name = "Published"; Value = "8-Jun-2000"; VariantName = "[No Variations]"
Add component (AddParameter): Name = "Publisher"; Value = "Altium Limited"; VariantName = "[No Variations]"
Added Component: Designator=P2(61300821121)
Add component (AddParameter): Name = "ComponentLink1Description"; Value = "Manufacturer"; VariantName = "[No Variations]"
Add component (AddParameter): Name = "ComponentLink1URL"; Value = "http://www.we-online.de"; VariantName = "[No Variations]"
Add component (AddParameter): Name = "ComponentLink2Description"; Value = "Datasheet"; VariantName = "[No Variations]"
Add component (AddParameter): Name = "ComponentLink2URL"; Value = "https://www.we-online.com/catalog/datasheet/61300821121.pdf"; VariantName = "[No Variations]"
Add component (AddParameter): Name = "Contact Resistance"; Value = "20mOhm"; VariantName = "[No Variations]"
Add component (AddParameter): Name = "Gender"; Value = "Pin Header"; VariantName = "[No Variations]"
Add component (AddParameter): Name = "Manufacturer"; Value = "Wurth Elektronik"; VariantName = "[No Variations]"
Add component (AddParameter): Name = "Manufacturer Part Number"; Value = "61300821121"; VariantName = "[No Variations]"
Add component (AddParameter): Name = "Mounting Technology"; Value = "THT"; VariantName = "[No Variations]"
Add component (AddParameter): Name = "Operating Temperature"; Value = "-40 to +105degC"; VariantName = "[No Variations]"
Add component (AddParameter): Name = "Orientation"; Value = "Vertical"; VariantName = "[No Variations]"
Add component (AddParameter): Name = "Packaging"; Value = "Bag"; VariantName = "[No Variations]"
Add component (AddParameter): Name = "Pin Number"; Value = "8"; VariantName = "[No Variations]"
Add component (AddParameter): Name = "Pitch"; Value = "2.54mm"; VariantName = "[No Variations]"
Add component (AddParameter): Name = "Published Date"; Value = "May 2020"; VariantName = "[No Variations]"
Add component (AddParameter): Name = "Rated Current"; Value = "3A"; VariantName = "[No Variations]"
Add component (AddParameter): Name = "Row Number"; Value = "Dual"; VariantName = "[No Variations]"
Add component (AddParameter): Name = "Withstanding Voltage"; Value = "500VAC"; VariantName = "[No Variations]"
Add component (AddParameter): Name = "Working Voltage"; Value = "250VAC"; VariantName = "[No Variations]"
Added Component: Designator=TP1(TP)
Add component (AddParameter): Name = "ComponentLink1Description"; Value = "Supplier 1 Link"; VariantName = "[No Variations]"
Added Component: Designator=TP2(TP)
Add component (AddParameter): Name = "ComponentLink1Description"; Value = "Supplier 1 Link"; VariantName = "[No Variations]"
Added Component: Designator=TP3(TP)
Add component (AddParameter): Name = "ComponentLink1Description"; Value = "Supplier 1 Link"; VariantName = "[No Variations]"
Added Component: Designator=TP4(TP)
Add component (AddParameter): Name = "ComponentLink1Description"; Value = "Supplier 1 Link"; VariantName = "[No Variations]"
Added Component: Designator=TP6(TP)
Add component (AddParameter): Name = "ComponentLink1Description"; Value = "Supplier 1 Link"; VariantName = "[No Variations]"
Added Pin To Net: NetName=+3.3V Pin=D8-2
Added Pin To Net: NetName=12V_LED Pin=D11-2
Added Pin To Net: NetName=+3.3V Pin=D12-2
Added Pin To Net: NetName=GND Pin=P2-5
Added Pin To Net: NetName=GND Pin=P2-6
Added Pin To Net: NetName=GND Pin=P2-7
Added Pin To Net: NetName=GND Pin=P2-8
Added Pin To Net: NetName=+3.3V Pin=R34-2
Added Pin To Net: NetName=GND Pin=TP3-1
Added Pin To Net: NetName=GND Pin=TP4-1
Added Pin To Net: NetName=+3.3V Pin=TP6-1
Change Net Name : Old Net Name=12V_LED New Net Name=+12V
Change Net Name : Old Net Name=NetD8_2 New Net Name=NetD9_2
Change Net Name : Old Net Name=NetD9_1 New Net Name=NetD10_1
Change Net Name : Old Net Name=NetD10_2 New Net Name=NetD13_2
Change Net Name : Old Net Name=NetD11_2 New Net Name=NetD14_2
Added Pin To Net: NetName=+3.3V_IN_HEADER Pin=D12-1
Added Pin To Net: NetName=+3.3V_IN_HEADER Pin=P2-2
Added Pin To Net: NetName=+3.3V_IN_HEADER Pin=P2-4
Added Pin To Net: NetName=+3.3V_IN_HEADER Pin=TP2-1
Added Net: Name=+3.3V_IN_HEADER
Added Pin To Net: NetName=12V_SUPPLY_IN_HEADER Pin=D11-1
Added Pin To Net: NetName=12V_SUPPLY_IN_HEADER Pin=P2-1
Added Pin To Net: NetName=12V_SUPPLY_IN_HEADER Pin=P2-3
Added Pin To Net: NetName=12V_SUPPLY_IN_HEADER Pin=TP1-1
Added Net: Name=12V_SUPPLY_IN_HEADER
Added Pin To Net: NetName=NetC31_1 Pin=C31-1
Added Pin To Net: NetName=NetC31_1 Pin=D8-1
Added Pin To Net: NetName=NetC31_1 Pin=L4-2
Added Pin To Net: NetName=NetC31_1 Pin=TP5-1
Added Net: Name=NetC31_1
Added Member To Class: ClassName=06_Power_Supply Member=Component D12 D Schottky
Added Member To Class: ClassName=06_Power_Supply Member=Component D13 Red, 2V
Added Member To Class: ClassName=06_Power_Supply Member=Component D14 Red, 2V
Added Member To Class: ClassName=06_Power_Supply Member=Component P2 61300821121
Added Member To Class: ClassName=06_Power_Supply Member=Component TP5 Test point
Added Member To Class: ClassName=06_Power_Supply Member=Component TP6 Test point
Added Member To Class: ClassName=06_Power_Supply Member=Component TP7 Test point
Added Member To Class: ClassName=06_Power_Supply Member=Component TP8 Test point
Added Member To Class: ClassName=06_Power_Supply Member=Component TP9 Test point
