Removed Pin From Net: NetName=GND Pin=C9-1
Removed Pin From Net: NetName=+3.3V Pin=C9-2
Removed Pin From Net: NetName=GND Pin=C10-1
Removed Pin From Net: NetName=+3.3V Pin=C10-2
Removed Pin From Net: NetName=GND Pin=C11-1
Removed Pin From Net: NetName=+3.3V Pin=C11-2
Removed Pin From Net: NetName=GND Pin=C12-1
Removed Pin From Net: NetName=+3.3V Pin=C12-2
Removed Pin From Net: NetName=GND Pin=C13-1
Removed Pin From Net: NetName=+3.3V Pin=C13-2
Removed Pin From Net: NetName=GND Pin=C14-1
Removed Pin From Net: NetName=+3.3V Pin=C14-2
Removed Pin From Net: NetName=GND Pin=C15-1
Removed Pin From Net: NetName=ESP_RST Pin=C15-2
Removed Pin From Net: NetName=GND Pin=C16-1
Removed Pin From Net: NetName=+3.3V Pin=C16-2
Removed Pin From Net: NetName=GND Pin=C17-1
Removed Pin From Net: NetName=+3.3V Pin=C17-2
Removed Pin From Net: NetName=GND Pin=C18-1
Removed Pin From Net: NetName=+3.3V Pin=C18-2
Removed Pin From Net: NetName=GND Pin=C19-1
Removed Pin From Net: NetName=+3.3V Pin=C19-2
Removed Pin From Net: NetName=GND Pin=C20-1
Removed Pin From Net: NetName=+3.3V Pin=C20-2
Removed Pin From Net: NetName=GND Pin=C21-1
Removed Pin From Net: NetName=+3.3V Pin=C21-2
Removed Pin From Net: NetName=GND Pin=C22-1
Removed Pin From Net: NetName=GND Pin=C23-1
Removed Pin From Net: NetName=GND Pin=C24-1
Removed Pin From Net: NetName=GND Pin=C25-1
Removed Pin From Net: NetName=+3.3V Pin=C25-2
Removed Pin From Net: NetName=GND Pin=C26-1
Removed Pin From Net: NetName=+3.3V Pin=C26-2
Removed Pin From Net: NetName=GND Pin=D8-1
Removed Pin From Net: NetName=GND Pin=D14-2
Removed Pin From Net: NetName=GND Pin=J4-5
Removed Pin From Net: NetName=GND Pin=J4-Shell
Removed Pin From Net: NetName=GND Pin=J4-Shell
Removed Pin From Net: NetName=GND Pin=J4-Shell
Removed Pin From Net: NetName=GND Pin=J4-Shell
Removed Pin From Net: NetName=+3.3V Pin=P2-1
Removed Pin From Net: NetName=GND Pin=P2-4
Removed Pin From Net: NetName=ESP_RST Pin=R19-1
Removed Pin From Net: NetName=+3.3V Pin=R19-2
Removed Pin From Net: NetName=+3.3V Pin=R20-2
Removed Pin From Net: NetName=+3.3V Pin=R21-2
Removed Pin From Net: NetName=+3.3V Pin=R22-2
Removed Pin From Net: NetName=GND Pin=R23-1
Removed Pin From Net: NetName=GND Pin=R24-1
Removed Pin From Net: NetName=NetR7_2 Pin=R25-2
Removed Pin From Net: NetName=NetR7_2 Pin=R26-2
Removed Pin From Net: NetName=NetR8_2 Pin=R27-2
Removed Pin From Net: NetName=NetR8_2 Pin=R28-2
Removed Pin From Net: NetName=+3.3V Pin=R29-2
Removed Pin From Net: NetName=+3.3V Pin=R30-2
Removed Pin From Net: NetName=+3.3V Pin=R31-2
Removed Pin From Net: NetName=+3.3V Pin=R32-2
Removed Pin From Net: NetName=+3.3V Pin=R33-2
Removed Pin From Net: NetName=+3.3V Pin=R34-2
Removed Pin From Net: NetName=GND Pin=SW2-1
Removed Pin From Net: NetName=GND Pin=SW2-1
Removed Pin From Net: NetName=ESP_RST Pin=SW2-2
Removed Pin From Net: NetName=ESP_RST Pin=SW2-2
Removed Pin From Net: NetName=GND Pin=SW3-1
Removed Pin From Net: NetName=GND Pin=SW3-1
Removed Pin From Net: NetName=+3.3V Pin=U3-1
Removed Pin From Net: NetName=ESP_RST Pin=U3-7
Removed Pin From Net: NetName=GND Pin=U3-12
Removed Pin From Net: NetName=+3.3V Pin=U3-13
Removed Pin From Net: NetName=ESP_GPIO_18 Pin=U3-16
Removed Pin From Net: NetName=ESP_GPIO_17 Pin=U3-17
Removed Pin From Net: NetName=GND Pin=U3-18
Removed Pin From Net: NetName=+3.3V Pin=U3-19
Removed Pin From Net: NetName=+3.3V Pin=U3-32
Removed Pin From Net: NetName=+3.3V Pin=U3-48
Removed Pin From Net: NetName=GND Pin=U3-63
Removed Pin From Net: NetName=+3.3V Pin=U3-64
Removed Pin From Net: NetName=GND Pin=U4-3
Removed Pin From Net: NetName=+3.3V Pin=U4-6
Removed Pin From Net: NetName=+3.3V Pin=U4-7
Removed Pin From Net: NetName=GND Pin=U4-29
Removed Pin From Net: NetName=+3.3V Pin=U7-1
Removed Pin From Net: NetName=+3.3V Pin=U7-3
Removed Pin From Net: NetName=+3.3V Pin=U7-5
Removed Pin From Net: NetName=+3.3V Pin=U7-7
Removed Pin From Net: NetName=+3.3V Pin=U8-1
Removed Pin From Net: NetName=+3.3V Pin=U8-3
Removed Pin From Net: NetName=+3.3V Pin=U8-5
Removed Pin From Net: NetName=+3.3V Pin=U8-7
Removed Pin From Net: NetName=+3.3V Pin=U9-1
Removed Pin From Net: NetName=+3.3V Pin=U9-3
Removed Pin From Net: NetName=+3.3V Pin=U9-5
Removed Pin From Net: NetName=+3.3V Pin=U9-7
Removed Pin From Net: NetName=+3.3V Pin=U10-1
Removed Pin From Net: NetName=+3.3V Pin=U10-3
Removed Pin From Net: NetName=+3.3V Pin=U10-5
Removed Pin From Net: NetName=+3.3V Pin=U10-7
Change Component Designator: OldDesignator=C27 NewDesignator=C9
Change Component Designator: OldDesignator=C28 NewDesignator=C10
Change Component Designator: OldDesignator=C29 NewDesignator=C11
Change Component Designator: OldDesignator=C30 NewDesignator=C12
Change Component Designator: OldDesignator=C31 NewDesignator=C13
Change Component Designator: OldDesignator=C32 NewDesignator=C14
Change Component Designator: OldDesignator=C33 NewDesignator=C15
Change Component Designator: OldDesignator=C34 NewDesignator=C16
Change Component Designator: OldDesignator=C35 NewDesignator=C17
Change Component Designator: OldDesignator=C36 NewDesignator=C18
Change Component Designator: OldDesignator=C37 NewDesignator=C19
Change Component Designator: OldDesignator=C38 NewDesignator=C20
Change Component Designator: OldDesignator=C39 NewDesignator=C21
Change Component Designator: OldDesignator=C40 NewDesignator=C22
Change Component Designator: OldDesignator=C41 NewDesignator=C23
Change Component Designator: OldDesignator=C42 NewDesignator=C24
Change Component Designator: OldDesignator=C43 NewDesignator=C25
Change Component Designator: OldDesignator=C44 NewDesignator=C26
Change Component Designator: OldDesignator=C45 NewDesignator=C27
Change Component Designator: OldDesignator=C46 NewDesignator=C28
Change Component Designator: OldDesignator=C47 NewDesignator=C29
Change Component Designator: OldDesignator=C48 NewDesignator=C30
Change Component Designator: OldDesignator=C49 NewDesignator=C31
Change Component Designator: OldDesignator=C50 NewDesignator=C32
Change Component Designator: OldDesignator=C51 NewDesignator=C33
Change Component Designator: OldDesignator=C52 NewDesignator=C34
Change Component Designator: OldDesignator=C53 NewDesignator=C35
Change Component Designator: OldDesignator=C54 NewDesignator=C36
Change Component Designator: OldDesignator=C55 NewDesignator=C37
Change Component Designator: OldDesignator=C56 NewDesignator=C38
Change Component Designator: OldDesignator=C57 NewDesignator=C39
Change Component Designator: OldDesignator=C58 NewDesignator=C40
Change Component Designator: OldDesignator=D15 NewDesignator=D8
Change Component Designator: OldDesignator=D16 NewDesignator=D9
Change Component Designator: OldDesignator=D17 NewDesignator=D10
Change Component Designator: OldDesignator=D18 NewDesignator=D11
Change Component Designator: OldDesignator=D19 NewDesignator=D12
Change Component Designator: OldDesignator=P3 NewDesignator=P1
Change Component Designator: OldDesignator=P4 NewDesignator=P2
Change Component Designator: OldDesignator=P5 NewDesignator=P3
Change Component Designator: OldDesignator=R35 NewDesignator=R19
Change Component Designator: OldDesignator=R36 NewDesignator=R20
Change Component Designator: OldDesignator=R37 NewDesignator=R21
Change Component Designator: OldDesignator=R38 NewDesignator=R22
Change Component Designator: OldDesignator=R39 NewDesignator=R23
Change Component Designator: OldDesignator=R40 NewDesignator=R24
Change Component Designator: OldDesignator=R41 NewDesignator=R25
Change Component Designator: OldDesignator=R42 NewDesignator=R26
Change Component Designator: OldDesignator=R43 NewDesignator=R27
Change Component Designator: OldDesignator=R44 NewDesignator=R28
Change Component Designator: OldDesignator=R45 NewDesignator=R29
Change Component Designator: OldDesignator=R46 NewDesignator=R30
Change Component Designator: OldDesignator=R47 NewDesignator=R31
Change Component Designator: OldDesignator=R48 NewDesignator=R32
Change Component Designator: OldDesignator=R49 NewDesignator=R33
Change Component Designator: OldDesignator=R50 NewDesignator=R34
Change Component Designator: OldDesignator=R67 NewDesignator=R35
Change Component Designator: OldDesignator=R68 NewDesignator=R36
Change Component Designator: OldDesignator=R69 NewDesignator=R37
Change Component Designator: OldDesignator=R70 NewDesignator=R38
Change Component Designator: OldDesignator=R71 NewDesignator=R39
Change Component Designator: OldDesignator=R72 NewDesignator=R40
Change Component Designator: OldDesignator=R73 NewDesignator=R41
Change Component Designator: OldDesignator=R74 NewDesignator=R42
Change Component Designator: OldDesignator=R75 NewDesignator=R43
Change Component Designator: OldDesignator=R76 NewDesignator=R44
Change Component Designator: OldDesignator=U5 NewDesignator=U3
Change Component Designator: OldDesignator=U6 NewDesignator=U4
Change Component Designator: OldDesignator=U11 NewDesignator=U5
Change Net Name : Old Net Name=NetC27_1 New Net Name=NetC9_1
Change Net Name : Old Net Name=NetC29_1 New Net Name=NetC11_1
Change Net Name : Old Net Name=NetC47_1 New Net Name=NetC29_1
Change Net Name : Old Net Name=NetC51_1 New Net Name=NetC33_1
Change Net Name : Old Net Name=NetC52_1 New Net Name=NetC34_1
Change Net Name : Old Net Name=NetC53_2 New Net Name=NetC35_2
Change Net Name : Old Net Name=NetC57_2 New Net Name=NetC39_2
Change Net Name : Old Net Name=NetC58_2 New Net Name=NetC40_2
Change Net Name : Old Net Name=NetD15_2 New Net Name=NetD8_2
Change Net Name : Old Net Name=NetD16_1 New Net Name=NetD9_1
Change Net Name : Old Net Name=NetD17_2 New Net Name=NetD10_2
Change Net Name : Old Net Name=NetD18_2 New Net Name=NetD11_2
Change Net Name : Old Net Name=NetP3_9 New Net Name=NetP1_9
Change Net Name : Old Net Name=NetP3_11 New Net Name=NetP1_11
Change Net Name : Old Net Name=NetR37_1 New Net Name=NetR21_1
Change Net Name : Old Net Name=NetR39_1 New Net Name=NetR23_1
Change Net Name : Old Net Name=NetR45_2 New Net Name=NetR29_2
Change Net Name : Old Net Name=NetR46_1 New Net Name=NetR30_1
Change Net Name : Old Net Name=NetR48_2 New Net Name=NetR32_2
Change Net Name : Old Net Name=NetR69_2 New Net Name=NetR37_2
Change Net Name : Old Net Name=NetR71_2 New Net Name=NetR39_2
Change Net Name : Old Net Name=NetR73_1 New Net Name=NetR41_1
Change Net Name : Old Net Name=NetR75_2 New Net Name=NetR43_2
Change Class Name : Old Net Name=07_Ethernet_Interface New Net Name=05_Ethernet_Interface
Change Class Name : Old Net Name=08_Power_Supply New Net Name=06_Power_Supply
Change Class Name : Old Net Name=10_CAN_Interface New Net Name=07_CAN_Interface
