Change Component Comment : Designator=SW1 Old Comment=Button New Comment=SW
Change Component Designator: OldDesignator=C2 NewDesignator=C3
Change Component Designator: OldDesignator=C3 NewDesignator=C4
Change Component Designator: OldDesignator=C4 NewDesignator=C5
Change Component Designator: OldDesignator=C5 NewDesignator=C6
Change Component Designator: OldDesignator=C6 NewDesignator=C7
Change Component Designator: OldDesignator=C7 NewDesignator=C8
Change Component Designator: OldDesignator=C8 NewDesignator=C9
Change Component Designator: OldDesignator=C9 NewDesignator=C10
Change Component Designator: OldDesignator=C10 NewDesignator=C11
Change Component Designator: OldDesignator=C11 NewDesignator=C12
Change Component Designator: OldDesignator=C12 NewDesignator=C13
Change Component Designator: OldDesignator=C13 NewDesignator=C14
Change Component Designator: OldDesignator=C14 NewDesignator=C15
Change Component Designator: OldDesignator=C15 NewDesignator=C16
Change Component Designator: OldDesignator=C16 NewDesignator=C17
Change Component Designator: OldDesignator=C17 NewDesignator=C18
Change Component Designator: OldDesignator=C18 NewDesignator=C19
Change Component Designator: OldDesignator=C19 NewDesignator=C20
Change Component Designator: OldDesignator=C20 NewDesignator=C21
Change Component Designator: OldDesignator=C21 NewDesignator=C22
Change Component Designator: OldDesignator=C22 NewDesignator=C23
Change Component Designator: OldDesignator=C23 NewDesignator=C24
Change Component Designator: OldDesignator=C24 NewDesignator=C25
Change Component Designator: OldDesignator=C25 NewDesignator=C26
Change Component Designator: OldDesignator=C26 NewDesignator=C27
Change Component Designator: OldDesignator=C27 NewDesignator=C28
Change Component Designator: OldDesignator=C28 NewDesignator=C29
Change Component Designator: OldDesignator=C29 NewDesignator=C30
Change Component Designator: OldDesignator=C30 NewDesignator=C31
Change Component Designator: OldDesignator=C31 NewDesignator=C32
Change Component Designator: OldDesignator=C32 NewDesignator=C33
Change Component Designator: OldDesignator=C33 NewDesignator=C34
Change Component Designator: OldDesignator=C34 NewDesignator=C35
Change Component Designator: OldDesignator=C35 NewDesignator=C36
Change Component Designator: OldDesignator=C36 NewDesignator=C37
Change Component Designator: OldDesignator=C37 NewDesignator=C38
Change Component Designator: OldDesignator=C38 NewDesignator=C39
Change Component Designator: OldDesignator=C39 NewDesignator=C40
Change Component Designator: OldDesignator=C40 NewDesignator=C41
Change Component Designator: OldDesignator=R5 NewDesignator=R6
Change Component Designator: OldDesignator=R6 NewDesignator=R7
Change Component Designator: OldDesignator=R7 NewDesignator=R8
Change Component Designator: OldDesignator=R8 NewDesignator=R9
Change Component Designator: OldDesignator=R9 NewDesignator=R10
Change Component Designator: OldDesignator=R10 NewDesignator=R11
Change Component Designator: OldDesignator=R11 NewDesignator=R12
Change Component Designator: OldDesignator=R12 NewDesignator=R13
Change Component Designator: OldDesignator=R13 NewDesignator=R14
Change Component Designator: OldDesignator=R14 NewDesignator=R15
Change Component Designator: OldDesignator=R15 NewDesignator=R16
Change Component Designator: OldDesignator=R16 NewDesignator=R17
Change Component Designator: OldDesignator=R17 NewDesignator=R18
Change Component Designator: OldDesignator=R18 NewDesignator=R19
Change Component Designator: OldDesignator=R19 NewDesignator=R20
Change Component Designator: OldDesignator=R20 NewDesignator=R21
Change Component Designator: OldDesignator=R21 NewDesignator=R22
Change Component Designator: OldDesignator=R22 NewDesignator=R23
Change Component Designator: OldDesignator=R23 NewDesignator=R24
Change Component Designator: OldDesignator=R24 NewDesignator=R25
Change Component Designator: OldDesignator=R25 NewDesignator=R26
Change Component Designator: OldDesignator=R26 NewDesignator=R27
Change Component Designator: OldDesignator=R27 NewDesignator=R28
Change Component Designator: OldDesignator=R28 NewDesignator=R29
Change Component Designator: OldDesignator=R29 NewDesignator=R30
Change Component Designator: OldDesignator=R30 NewDesignator=R31
Change Component Designator: OldDesignator=R31 NewDesignator=R32
Change Component Designator: OldDesignator=R32 NewDesignator=R33
Change Component Designator: OldDesignator=R33 NewDesignator=R34
Change Component Designator: OldDesignator=R34 NewDesignator=R35
Change Component Designator: OldDesignator=R35 NewDesignator=R36
Change Component Designator: OldDesignator=R36 NewDesignator=R37
Change Component Designator: OldDesignator=R37 NewDesignator=R38
Change Component Designator: OldDesignator=R38 NewDesignator=R39
Change Component Designator: OldDesignator=R39 NewDesignator=R40
Change Component Designator: OldDesignator=R40 NewDesignator=R41
Change Component Designator: OldDesignator=R41 NewDesignator=R42
Change Component Designator: OldDesignator=R42 NewDesignator=R43
Change Component Designator: OldDesignator=R43 NewDesignator=R44
Change Component Designator: OldDesignator=R44 NewDesignator=R45
Change component parameters: Designator = "R1" ("R1"); Footprint = "RES-SM-0603"; UniqueID = "\YQQQCYEI" ("\YQQQCYEI")
Change component parameters (AddParameter): Name = "Value"; Value = "10K"; VariantName = "[No Variations]"
Change component parameters: Designator = "SW1" ("SW1"); Footprint = "BUTTON 4-PIN SMD"; UniqueID = "\BFAHQTFQ" ("\BFAHQTFQ")
Change component parameters (AddParameter): Name = "Value"; Value = "Button chip 4 pin"; VariantName = "[No Variations]"
Added Component: Designator=C2(WCAP-CSGP_0603_H=0.8mm_Reflow)
Add component (AddParameter): Name = "Capacitance"; Value = "100nF"; VariantName = "[No Variations]"
Add component (AddParameter): Name = "Capacitance Tolerance"; Value = "+/-10%"; VariantName = "[No Variations]"
Add component (AddParameter): Name = "Ceramic Type"; Value = "X7R"; VariantName = "[No Variations]"
Add component (AddParameter): Name = "ComponentLink1Description"; Value = "Manufacturer"; VariantName = "[No Variations]"
Add component (AddParameter): Name = "ComponentLink1URL"; Value = "http://www.we-online.de"; VariantName = "[No Variations]"
Add component (AddParameter): Name = "ComponentLink2Description"; Value = "Datasheet"; VariantName = "[No Variations]"
Add component (AddParameter): Name = "ComponentLink2URL"; Value = "https://www.we-online.com/catalog/datasheet/885012206095.pdf"; VariantName = "[No Variations]"
Add component (AddParameter): Name = "Dissipation Factor"; Value = "#NAME?"; VariantName = "[No Variations]"
Add component (AddParameter): Name = "Height"; Value = "0.8mm"; VariantName = "[No Variations]"
Add component (AddParameter): Name = "Isolation Resistance"; Value = ">=5GOhm"; VariantName = "[No Variations]"
Add component (AddParameter): Name = "Manufacturer"; Value = "Wurth Elektronik"; VariantName = "[No Variations]"
Add component (AddParameter): Name = "Manufacturer Part Number"; Value = "885012206095"; VariantName = "[No Variations]"
Add component (AddParameter): Name = "Mounting Technology"; Value = "SMT"; VariantName = "[No Variations]"
Add component (AddParameter): Name = "Operating Temperature"; Value = "-55 to +125degC"; VariantName = "[No Variations]"
Add component (AddParameter): Name = "Packaging"; Value = "Tape and Reel"; VariantName = "[No Variations]"
Add component (AddParameter): Name = "Published Date"; Value = "May 2020"; VariantName = "[No Variations]"
Add component (AddParameter): Name = "Rated Voltage"; Value = "50VDC"; VariantName = "[No Variations]"
Add component (AddParameter): Name = "Size"; Value = "0603"; VariantName = "[No Variations]"
Add component (AddParameter): Name = "Technical Reference"; Value = "X7R0603104K050DFCT10000"; VariantName = "[No Variations]"
Added Component: Designator=R5(RES-SM-0603)
Add component (AddParameter): Name = "Value"; Value = "10K"; VariantName = "[No Variations]"
Added Component: Designator=SW2(Tact SW 4 pin)
Add component (AddParameter): Name = "Value"; Value = "Button chip 4 pin"; VariantName = "[No Variations]"
Added Pin To Net: NetName=GND Pin=C2-1
Added Pin To Net: NetName=ESP_RST Pin=C2-2
Added Pin To Net: NetName=ESP_RST Pin=R5-1
Added Pin To Net: NetName=+3.3V Pin=R5-2
Added Pin To Net: NetName=GND Pin=SW2-1
Added Pin To Net: NetName=ESP_RST Pin=SW2-2
Added Pin To Net: NetName=GND Pin=SW2-3
Added Pin To Net: NetName=ESP_RST Pin=SW2-4
Change Net Name : Old Net Name=NetC9_1 New Net Name=NetC10_1
Change Net Name : Old Net Name=NetC11_1 New Net Name=NetC12_1
Change Net Name : Old Net Name=NetC29_1 New Net Name=NetC30_1
Change Net Name : Old Net Name=NetC33_1 New Net Name=NetC34_1
Change Net Name : Old Net Name=NetC34_1 New Net Name=NetC35_1
Change Net Name : Old Net Name=NetC35_2 New Net Name=NetC36_2
Change Net Name : Old Net Name=NetC39_2 New Net Name=NetC40_2
Change Net Name : Old Net Name=NetC40_2 New Net Name=NetC41_2
Change Net Name : Old Net Name=NetR7_2 New Net Name=NetR8_2
Change Net Name : Old Net Name=NetR8_2 New Net Name=NetR9_2
Change Net Name : Old Net Name=NetR14_1 New Net Name=NetR15_1
Change Net Name : Old Net Name=NetR21_1 New Net Name=NetR22_1
Change Net Name : Old Net Name=NetR23_1 New Net Name=NetR24_1
Change Net Name : Old Net Name=NetR29_2 New Net Name=NetR30_2
Change Net Name : Old Net Name=NetR30_1 New Net Name=NetR31_1
Change Net Name : Old Net Name=NetR32_2 New Net Name=NetR33_2
Change Net Name : Old Net Name=NetR37_2 New Net Name=NetR38_2
Change Net Name : Old Net Name=NetR39_2 New Net Name=NetR40_2
Change Net Name : Old Net Name=NetR41_1 New Net Name=NetR42_1
Change Net Name : Old Net Name=NetR43_2 New Net Name=NetR44_2
Added Member To Class: ClassName=03_MCU_ESP32_Interface Member=Component C7 10nF, 50V
Added Member To Class: ClassName=05_Ethernet_Interface Member=Component C10 100nF, 16V
Added Member To Class: ClassName=05_Ethernet_Interface Member=Component C11 100nF, 16V
Added Member To Class: ClassName=05_Ethernet_Interface Member=Component C12 100nF, 16V
Added Member To Class: ClassName=05_Ethernet_Interface Member=Component C13 22pF, 50V
Added Member To Class: ClassName=05_Ethernet_Interface Member=Component C14 100nF, 16V
Added Member To Class: ClassName=05_Ethernet_Interface Member=Component C15 100nF, 16V
Added Member To Class: ClassName=05_Ethernet_Interface Member=Component C16 22pF, 50V
Added Member To Class: ClassName=05_Ethernet_Interface Member=Component C17 100nF, 16V
Added Member To Class: ClassName=05_Ethernet_Interface Member=Component C18 100nF, 16V
Added Member To Class: ClassName=05_Ethernet_Interface Member=Component C19 100nF, 16V
Added Member To Class: ClassName=05_Ethernet_Interface Member=Component C20 100nF, 16V
Added Member To Class: ClassName=05_Ethernet_Interface Member=Component C21 100nF, 16V
Added Member To Class: ClassName=05_Ethernet_Interface Member=Component C22 100nF, 16V
Added Member To Class: ClassName=05_Ethernet_Interface Member=Component C23 100nF, 16V
Added Member To Class: ClassName=05_Ethernet_Interface Member=Component C24 3.3uF, 25V
Added Member To Class: ClassName=05_Ethernet_Interface Member=Component C25 10uF, 6.3V
Added Member To Class: ClassName=05_Ethernet_Interface Member=Component C26 10uF, 6.3V
Added Member To Class: ClassName=05_Ethernet_Interface Member=Component C29 10nF, 16V
Added Member To Class: ClassName=07_CAN_Interface Member=Component C39 10nF, 50V
Added Member To Class: ClassName=07_CAN_Interface Member=Component C41 10nF, 50V
Added Member To Class: ClassName=06_Power_Supply Member=Component D8 D Schottky
Added Member To Class: ClassName=06_Power_Supply Member=Component D9 D Schottky
Added Member To Class: ClassName=06_Power_Supply Member=Component D10 Red, 2V
Added Member To Class: ClassName=06_Power_Supply Member=Component D11 Red, 2V
Added Member To Class: ClassName=07_CAN_Interface Member=Component D12 SMF05C
Added Member To Class: ClassName=05_Ethernet_Interface Member=Component P1 HANRUN_HR911105A
Added Member To Class: ClassName=07_CAN_Interface Member=Component P2 61900211121
Added Member To Class: ClassName=03_MCU_ESP32_Interface Member=Component R13 RESISTOR SMD
Added Member To Class: ClassName=05_Ethernet_Interface Member=Component R20 Resistor
Added Member To Class: ClassName=05_Ethernet_Interface Member=Component R21 Resistor
Added Member To Class: ClassName=05_Ethernet_Interface Member=Component R22 Resistor
Added Member To Class: ClassName=05_Ethernet_Interface Member=Component R23 Resistor
Added Member To Class: ClassName=05_Ethernet_Interface Member=Component R24 Resistor
Added Member To Class: ClassName=05_Ethernet_Interface Member=Component R25 Resistor
Added Member To Class: ClassName=05_Ethernet_Interface Member=Component R26 Resistor
Added Member To Class: ClassName=05_Ethernet_Interface Member=Component R27 Resistor
Added Member To Class: ClassName=05_Ethernet_Interface Member=Component R28 Resistor
Added Member To Class: ClassName=05_Ethernet_Interface Member=Component R29 Resistor
Added Member To Class: ClassName=05_Ethernet_Interface Member=Component R30 Resistor
Added Member To Class: ClassName=06_Power_Supply Member=Component R31 RESISTOR SMD
Added Member To Class: ClassName=06_Power_Supply Member=Component R32 RESISTOR SMD
Added Member To Class: ClassName=06_Power_Supply Member=Component R33 RESISTOR SMD
Added Member To Class: ClassName=06_Power_Supply Member=Component R34 RESISTOR SMD
Added Member To Class: ClassName=06_Power_Supply Member=Component R35 RESISTOR SMD
Added Member To Class: ClassName=07_CAN_Interface Member=Component R37 RESISTOR SMD
Added Member To Class: ClassName=07_CAN_Interface Member=Component R40 RESISTOR SMD
Added Member To Class: ClassName=07_CAN_Interface Member=Component R45 RESISTOR SMD
Added Member To Class: ClassName=03_MCU_ESP32_Interface Member=Component SW2 SW
Added Member To Class: ClassName=05_Ethernet_Interface Member=Component U3 W5100
Added Member To Class: ClassName=06_Power_Supply Member=Component U4 MC34063AD
