Removed Pin From Net: NetName=GND Pin=P1-1
Removed Pin From Net: NetName=ESP_GPIO_18 Pin=P1-3
Removed Pin From Net: NetName=ESP_GPIO_17 Pin=P1-5
Removed Pin From Net: NetName=GND Pin=P1-6
Removed Pin From Net: NetName=GND Pin=P1-7
Removed Pin From Net: NetName=GND Pin=P1-8
Removed Member From Class: ClassName=03_MCU_ESP32_Interface Member=P4
Removed Member From Class: ClassName=05_Ethernet_Interface Member=P4
Removed Member From Class: ClassName=06_Power_Supply Member=P4
Change Component Footprint: Designator=P1 Old Footprint=61300821121 New Footprint=61300421121
Change Component Comment : Designator=P1 Old Comment=61300821121 New Comment=61300421121
Change component parameters: Designator = "P1" ("P1"); Footprint = "61300821121"; UniqueID = "\UREFJQMR" ("\UREFJQMR")
Change component parameters (AddParameter): Name = "ComponentLink1Description"; Value = "Manufacturer"; VariantName = "[No Variations]"
Change component parameters (AddParameter): Name = "ComponentLink1URL"; Value = "http://www.we-online.de"; VariantName = "[No Variations]"
Change component parameters (AddParameter): Name = "ComponentLink2Description"; Value = "Datasheet"; VariantName = "[No Variations]"
Change component parameters (AddParameter): Name = "ComponentLink2URL"; Value = "https://www.we-online.com/catalog/datasheet/61300421121.pdf"; VariantName = "[No Variations]"
Change component parameters (AddParameter): Name = "Contact Resistance"; Value = "20mOhm"; VariantName = "[No Variations]"
Change component parameters (AddParameter): Name = "Gender"; Value = "Pin Header"; VariantName = "[No Variations]"
Change component parameters (AddParameter): Name = "Manufacturer"; Value = "Wurth Elektronik"; VariantName = "[No Variations]"
Change component parameters (AddParameter): Name = "Manufacturer Part Number"; Value = "61300421121"; VariantName = "[No Variations]"
Change component parameters (AddParameter): Name = "Mounting Technology"; Value = "THT"; VariantName = "[No Variations]"
Change component parameters (AddParameter): Name = "Operating Temperature"; Value = "-40 to +105degC"; VariantName = "[No Variations]"
Change component parameters (AddParameter): Name = "Orientation"; Value = "Vertical"; VariantName = "[No Variations]"
Change component parameters (AddParameter): Name = "Packaging"; Value = "Bag"; VariantName = "[No Variations]"
Change component parameters (AddParameter): Name = "Pin Number"; Value = "4"; VariantName = "[No Variations]"
Change component parameters (AddParameter): Name = "Pitch"; Value = "2.54mm"; VariantName = "[No Variations]"
Change component parameters (AddParameter): Name = "Published Date"; Value = "May 2020"; VariantName = "[No Variations]"
Change component parameters (AddParameter): Name = "Rated Current"; Value = "3A"; VariantName = "[No Variations]"
Change component parameters (AddParameter): Name = "Row Number"; Value = "Dual"; VariantName = "[No Variations]"
Change component parameters (AddParameter): Name = "Withstanding Voltage"; Value = "500VAC"; VariantName = "[No Variations]"
Change component parameters (AddParameter): Name = "Working Voltage"; Value = "250VAC"; VariantName = "[No Variations]"
Added Pin To Net: NetName=ESP_GPIO_18 Pin=P1-1
Added Pin To Net: NetName=ESP_GPIO_17 Pin=P1-3
Added Member To Class: ClassName=03_MCU_ESP32_Interface Member=Component P1 61300421121
Added Member To Class: ClassName=05_Ethernet_Interface Member=Component P2 HANRUN_HR911105A
Added Member To Class: ClassName=06_Power_Supply Member=Component P3 61300821121
