Removed Pin From Net: NetName=GND Pin=C20-1
Removed Pin From Net: NetName=W5100_3V3_D Pin=C20-2
Removed Member From Class: ClassName=05_Ethernet_Interface Member=C30
Change Component Designator: OldDesignator=C21 NewDesignator=C20
Change Component Designator: OldDesignator=C22 NewDesignator=C21
Change Component Designator: OldDesignator=C23 NewDesignator=C22
Change Component Designator: OldDesignator=C24 NewDesignator=C23
Change Component Designator: OldDesignator=C25 NewDesignator=C24
Change Component Designator: OldDesignator=C26 NewDesignator=C25
Change Component Designator: OldDesignator=C27 NewDesignator=C26
Change Component Designator: OldDesignator=C28 NewDesignator=C27
Change Component Designator: OldDesignator=C29 NewDesignator=C28
Change Component Designator: OldDesignator=C30 NewDesignator=C29
Change Component Designator: OldDesignator=C31 NewDesignator=C30
Change Component Designator: OldDesignator=C32 NewDesignator=C31
Change Component Designator: OldDesignator=C33 NewDesignator=C32
Change Component Designator: OldDesignator=C34 NewDesignator=C33
Change Component Designator: OldDesignator=C35 NewDesignator=C34
Change Component Designator: OldDesignator=C36 NewDesignator=C35
Change Component Designator: OldDesignator=C37 NewDesignator=C36
Change Component Designator: OldDesignator=C38 NewDesignator=C37
Change Component Designator: OldDesignator=C39 NewDesignator=C38
Change Component Designator: OldDesignator=C40 NewDesignator=C39
Change Component Designator: OldDesignator=C41 NewDesignator=C40
Change Component Designator: OldDesignator=C42 NewDesignator=C41
Change Net Name : Old Net Name=NetC31_1 New Net Name=NetC30_1
Change Net Name : Old Net Name=NetC35_1 New Net Name=NetC34_1
Change Net Name : Old Net Name=NetC36_1 New Net Name=NetC35_1
Change Net Name : Old Net Name=NetC37_2 New Net Name=NetC36_2
Change Net Name : Old Net Name=NetC41_2 New Net Name=NetC40_2
Change Net Name : Old Net Name=NetC42_2 New Net Name=NetC41_2
