Added Component: Designator=U1(CAC-150P3100X1800-41N)
Added Pin To Net: NetName=GND Pin=U1-1
Added Pin To Net: NetName=+3.3V Pin=U1-2
Added Pin To Net: NetName=ESP_GPIO_0 Pin=U1-3
Added Pin To Net: NetName=ESP_GPIO_1 Pin=U1-4
Added Pin To Net: NetName=ESP_GPIO_2 Pin=U1-5
Added Pin To Net: NetName=ESP_GPIO_3 Pin=U1-6
Added Pin To Net: NetName=ESP_GPIO_4 Pin=U1-7
Added Pin To Net: NetName=ESP_GPIO_5 Pin=U1-8
Added Pin To Net: NetName=ESP_GPIO_6 Pin=U1-9
Added Pin To Net: NetName=ESP_GPIO_7 Pin=U1-10
Added Pin To Net: NetName=ESP_GPIO_8 Pin=U1-11
Added Pin To Net: NetName=ESP_GPIO_9 Pin=U1-12
Added Pin To Net: NetName=ESP_GPIO_10 Pin=U1-13
Added Pin To Net: NetName=ESP_GPIO_11 Pin=U1-14
Added Pin To Net: NetName=ESP_GPIO_12 Pin=U1-15
Added Pin To Net: NetName=ESP_GPIO_13 Pin=U1-16
Added Pin To Net: NetName=ESP_GPIO_14 Pin=U1-17
Added Pin To Net: NetName=ESP_GPIO_15 Pin=U1-18
Added Pin To Net: NetName=ESP_GPIO_16 Pin=U1-19
Added Pin To Net: NetName=ESP_GPIO_17 Pin=U1-20
Added Pin To Net: NetName=ESP_GPIO_18 Pin=U1-21
Added Pin To Net: NetName=ESP_GPIO_19 Pin=U1-22
Added Pin To Net: NetName=ESP_GPIO_20 Pin=U1-23
Added Pin To Net: NetName=ESP_GPIO_21 Pin=U1-24
Added Pin To Net: NetName=ESP_GPIO_26 Pin=U1-25
Added Pin To Net: NetName=GND Pin=U1-26
Added Pin To Net: NetName=ESP_GPIO_33 Pin=U1-27
Added Pin To Net: NetName=ESP_GPIO_34 Pin=U1-28
Added Pin To Net: NetName=ESP_GPIO_35 Pin=U1-29
Added Pin To Net: NetName=ESP_GPIO_36 Pin=U1-30
Added Pin To Net: NetName=ESP_GPIO_37 Pin=U1-31
Added Pin To Net: NetName=ESP_GPIO_40 Pin=U1-34
Added Pin To Net: NetName=ESP_GPIO_41 Pin=U1-35
Added Pin To Net: NetName=ESP_GPIO_42 Pin=U1-36
Added Pin To Net: NetName=NetU1_37 Pin=U1-37
Added Pin To Net: NetName=NetU1_38 Pin=U1-38
Added Pin To Net: NetName=ESP_GPIO_45 Pin=U1-39
Added Pin To Net: NetName=NetR4_1 Pin=U1-40
Added Pin To Net: NetName=ESP_RST Pin=U1-41
Added Pin To Net: NetName=GND Pin=U1-42
Added Pin To Net: NetName=GND Pin=U1-43
Added Member To Class: ClassName=03_MCU_ESP32_Interface Member=Component U1 ESP-12K
