Removed Member From Class: ClassName=05_Ethernet_Interface Member=R40
Removed Member From Class: ClassName=05_Ethernet_Interface Member=R43
Removed Member From Class: ClassName=06_Power_Supply Member=R43
Removed Member From Class: ClassName=05_Ethernet_Interface Member=R46
Removed Member From Class: ClassName=06_Power_Supply Member=R46
Removed Member From Class: ClassName=05_Ethernet_Interface Member=R47
Removed Member From Class: ClassName=06_Power_Supply Member=R47
Removed Member From Class: ClassName=05_Ethernet_Interface Member=R49
Removed Member From Class: ClassName=06_Power_Supply Member=R49
Change Component Designator: OldDesignator=C16 NewDesignator=C17
Change Component Designator: OldDesignator=C17 NewDesignator=C21
Change Component Designator: OldDesignator=C21 NewDesignator=C22
Change Component Designator: OldDesignator=C22 NewDesignator=C23
Change Component Designator: OldDesignator=C23 NewDesignator=C24
Change Component Designator: OldDesignator=C24 NewDesignator=C25
Change Component Designator: OldDesignator=C25 NewDesignator=C26
Change Component Designator: OldDesignator=C26 NewDesignator=C27
Change Component Designator: OldDesignator=C27 NewDesignator=C28
Change Component Designator: OldDesignator=C28 NewDesignator=C29
Change Component Designator: OldDesignator=C29 NewDesignator=C30
Change Component Designator: OldDesignator=C30 NewDesignator=C31
Change Component Designator: OldDesignator=C31 NewDesignator=C32
Change Component Designator: OldDesignator=C32 NewDesignator=C33
Change Component Designator: OldDesignator=C33 NewDesignator=C34
Change Component Designator: OldDesignator=C34 NewDesignator=C35
Change Component Designator: OldDesignator=C35 NewDesignator=C36
Change Component Designator: OldDesignator=C36 NewDesignator=C37
Change Component Designator: OldDesignator=C37 NewDesignator=C38
Change Component Designator: OldDesignator=C38 NewDesignator=C39
Change Component Designator: OldDesignator=C39 NewDesignator=C40
Change Component Designator: OldDesignator=C40 NewDesignator=C41
Change Component Designator: OldDesignator=C41 NewDesignator=C42
Added Component: Designator=C16(WCAP-CSGP_0603_H=0.8mm_Reflow)
Add component (AddParameter): Name = "Capacitance"; Value = "10nF"; VariantName = "[No Variations]"
Add component (AddParameter): Name = "Capacitance Tolerance"; Value = "+/-10%"; VariantName = "[No Variations]"
Add component (AddParameter): Name = "Ceramic Type"; Value = "X7R"; VariantName = "[No Variations]"
Add component (AddParameter): Name = "ComponentLink1Description"; Value = "Manufacturer"; VariantName = "[No Variations]"
Add component (AddParameter): Name = "ComponentLink1URL"; Value = "http://www.we-online.de"; VariantName = "[No Variations]"
Add component (AddParameter): Name = "ComponentLink2Description"; Value = "Datasheet"; VariantName = "[No Variations]"
Add component (AddParameter): Name = "ComponentLink2URL"; Value = "https://www.we-online.com/catalog/datasheet/885012206114.pdf"; VariantName = "[No Variations]"
Add component (AddParameter): Name = "Dissipation Factor"; Value = "#NAME?"; VariantName = "[No Variations]"
Add component (AddParameter): Name = "Height"; Value = "0.8mm"; VariantName = "[No Variations]"
Add component (AddParameter): Name = "Isolation Resistance"; Value = ">=10GOhm"; VariantName = "[No Variations]"
Add component (AddParameter): Name = "Manufacturer"; Value = "Wurth Elektronik"; VariantName = "[No Variations]"
Add component (AddParameter): Name = "Manufacturer Part Number"; Value = "885012206114"; VariantName = "[No Variations]"
Add component (AddParameter): Name = "Mounting Technology"; Value = "SMT"; VariantName = "[No Variations]"
Add component (AddParameter): Name = "Operating Temperature"; Value = "-55 to +125degC"; VariantName = "[No Variations]"
Add component (AddParameter): Name = "Packaging"; Value = "Tape and Reel"; VariantName = "[No Variations]"
Add component (AddParameter): Name = "Published Date"; Value = "May 2020"; VariantName = "[No Variations]"
Add component (AddParameter): Name = "Rated Voltage"; Value = "100VDC"; VariantName = "[No Variations]"
Add component (AddParameter): Name = "Size"; Value = "0603"; VariantName = "[No Variations]"
Add component (AddParameter): Name = "Technical Reference"; Value = "X7R0603103K100DFCT10000"; VariantName = "[No Variations]"
Added Pin To Net: NetName=CHASSIC GND Pin=C16-1
Added Pin To Net: NetName=GNDA Pin=C16-2
Change Net Name : Old Net Name=NetC30_1 New Net Name=NetC31_1
Change Net Name : Old Net Name=NetC34_1 New Net Name=NetC35_1
Change Net Name : Old Net Name=NetC35_1 New Net Name=NetC36_1
Change Net Name : Old Net Name=NetC36_2 New Net Name=NetC37_2
Change Net Name : Old Net Name=NetC40_2 New Net Name=NetC41_2
Change Net Name : Old Net Name=NetC41_2 New Net Name=NetC42_2
Change Net Name : Old Net Name=RXIN New Net Name=RX_N
Change Net Name : Old Net Name=RXIP New Net Name=RX_P
Change Net Name : Old Net Name=TXON New Net Name=TX_N
Change Net Name : Old Net Name=TXOP New Net Name=TX_P
Added Differential Pair: Name=RX
Added Differential Pair: Name=TX
Added Member To Class: ClassName=05_Ethernet_Interface Member=Component C11 6.8nF, 16V
Added Member To Class: ClassName=05_Ethernet_Interface Member=Component C13 4.7uF, 10V
Added Member To Class: ClassName=05_Ethernet_Interface Member=Component C14 10nF, 16V
Added Member To Class: ClassName=05_Ethernet_Interface Member=Component C15 10nF, 10V
Added Member To Class: ClassName=05_Ethernet_Interface Member=Component C16 10nF, 100V
Added Member To Class: ClassName=05_Ethernet_Interface Member=Component C17 22pF, 50V
Added Member To Class: ClassName=05_Ethernet_Interface Member=Component C19 100nF, 16V
Added Member To Class: ClassName=05_Ethernet_Interface Member=Component C20 100nF, 16V
Added Member To Class: ClassName=05_Ethernet_Interface Member=Component C21 22pF, 50V
Added Member To Class: ClassName=05_Ethernet_Interface Member=Component C23 100nF, 16V
Added Member To Class: ClassName=05_Ethernet_Interface Member=Component C25 100nF, 16V
Added Member To Class: ClassName=05_Ethernet_Interface Member=Component C26 100nF, 16V
Added Member To Class: ClassName=05_Ethernet_Interface Member=Component C28 10uF, 6.3V
Added Member To Class: ClassName=05_Ethernet_Interface Member=Component C29 10uF, 6.3V
Added Member To Class: ClassName=06_Power_Supply Member=Component C32 Cap Pol SMD
Added Member To Class: ClassName=06_Power_Supply Member=Component C33 100nF, 25V
Added Member To Class: ClassName=06_Power_Supply Member=Component C35 470pF, 16V
Added Member To Class: ClassName=07_CAN_Interface Member=Component C37 100nF, 25V
Added Member To Class: ClassName=07_CAN_Interface Member=Component C39 100nF, 25V
Added Member To Class: ClassName=07_CAN_Interface Member=Component C42 10nF, 50V
Added Member To Class: ClassName=05_Ethernet_Interface Member=Component R18 Resistor
Added Member To Class: ClassName=05_Ethernet_Interface Member=Component R19 Resistor
Added Member To Class: ClassName=05_Ethernet_Interface Member=Component R20 Resistor
Added Member To Class: ClassName=05_Ethernet_Interface Member=Component R22 Resistor
Added Member To Class: ClassName=05_Ethernet_Interface Member=Component R24 Resistor
Added Member To Class: ClassName=05_Ethernet_Interface Member=Component R25 Resistor
Added Member To Class: ClassName=05_Ethernet_Interface Member=Component R26 Resistor
Added Member To Class: ClassName=05_Ethernet_Interface Member=Component R27 Resistor
Added Member To Class: ClassName=05_Ethernet_Interface Member=Component R28 Resistor
Added Member To Class: ClassName=05_Ethernet_Interface Member=Component R30 Resistor
Added Member To Class: ClassName=05_Ethernet_Interface Member=Component R31 Resistor
Added Member To Class: ClassName=05_Ethernet_Interface Member=Component R32 Resistor
Added Member To Class: ClassName=05_Ethernet_Interface Member=Component R34 Resistor
Added Member To Class: ClassName=05_Ethernet_Interface Member=Component R35 Resistor
Added Member To Class: ClassName=06_Power_Supply Member=Component R36 RESISTOR SMD
Added Member To Class: ClassName=06_Power_Supply Member=Component R37 RESISTOR SMD
Added Member To Class: ClassName=06_Power_Supply Member=Component R38 RESISTOR SMD
Added Member To Class: ClassName=06_Power_Supply Member=Component R39 RESISTOR SMD
Added Member To Class: ClassName=07_CAN_Interface Member=Component R41 RESISTOR SMD
Added Member To Class: ClassName=07_CAN_Interface Member=Component R42 RESISTOR SMD
Added Member To Class: ClassName=07_CAN_Interface Member=Component R44 RESISTOR SMD
