Removed Pin From Net: NetName=GND Pin=C17-1
Removed Pin From Net: NetName=GND Pin=C18-1
Removed Pin From Net: NetName=GND Pin=C19-1
Removed Pin From Net: NetName=GND Pin=C20-1
Removed Pin From Net: NetName=GNDA Pin=C26-1
Removed Pin From Net: NetName=+3.3V Pin=D12-2
Removed Pin From Net: NetName=GND Pin=D13-1
Removed Pin From Net: NetName=GNDA Pin=R20-2
Removed Pin From Net: NetName=W5100_3V3_D Pin=R21-2
Removed Pin From Net: NetName=W5100_3V3_D Pin=R23-2
Removed Pin From Net: NetName=W5100_3V3_D Pin=R29-1
Removed Pin From Net: NetName=+3.3V Pin=R33-2
Removed Pin From Net: NetName=NetR22_1 Pin=U3-1
Removed Pin From Net: NetName=W5100_3V3_A Pin=U3-2
Removed Pin From Net: NetName=GNDA Pin=U3-4
Removed Pin From Net: NetName=RXIP Pin=U3-5
Removed Pin From Net: NetName=RXIN Pin=U3-6
Removed Pin From Net: NetName=TXOP Pin=U3-8
Removed Pin From Net: NetName=TXON Pin=U3-9
Removed Pin From Net: NetName=GNDA Pin=U3-10
Removed Pin From Net: NetName=W5100_3V3_D Pin=U3-12
Removed Pin From Net: NetName=GND Pin=U3-13
Removed Pin From Net: NetName=GND Pin=U3-14
Removed Pin From Net: NetName=GND Pin=U3-17
Removed Pin From Net: NetName=W5100_3V3_D Pin=U3-18
Removed Pin From Net: NetName=ESP_GPIO_35 Pin=U3-27
Removed Pin From Net: NetName=ESP_GPIO_37 Pin=U3-28
Removed Pin From Net: NetName=ESP_GPIO_34 Pin=U3-29
Removed Pin From Net: NetName=ESP_GPIO_36 Pin=U3-30
Removed Pin From Net: NetName=GND Pin=U3-34
Removed Pin From Net: NetName=GND Pin=U3-35
Removed Pin From Net: NetName=GND Pin=U3-36
Removed Pin From Net: NetName=GND Pin=U3-37
Removed Pin From Net: NetName=GND Pin=U3-43
Removed Pin From Net: NetName=W5100_3V3_D Pin=U3-44
Removed Pin From Net: NetName=GND Pin=U3-63
Removed Pin From Net: NetName=GND Pin=U3-64
Removed Pin From Net: NetName=GND Pin=U3-65
Removed Pin From Net: NetName=LINKLED Pin=U3-66
Removed Pin From Net: NetName=SPDLED Pin=U3-67
Removed Pin From Net: NetName=GND Pin=U3-68
Removed Pin From Net: NetName=XTLN Pin=U3-75
Removed Pin From Net: NetName=XTLP Pin=U3-76
Removed Pin From Net: NetName=GNDA Pin=U3-77
Removed Member From Class: ClassName=05_Ethernet_Interface Member=C29
Removed Member From Class: ClassName=05_Ethernet_Interface Member=L2
Change Component Footprint: Designator=U3 Old Footprint=CQFP40P1200X1200X160-80N New Footprint=TSQFP50P900X900X160-48N
Change Component Footprint: Designator=C24 Old Footprint=WCAP-CSGP_0805_H=1.25mm New Footprint=WCAP-CSGP_0603_H=0.8mm_Reflow
Change Component Comment : Designator=C24 Old Comment=3.3uF, 25V New Comment=100nF, 16V
Change Component Comment : Designator=C25 Old Comment=10uF, 6.3V New Comment=100nF, 16V
Change Component Comment : Designator=U3 Old Comment=W5100 New Comment=W5500
Change Component Designator: OldDesignator=C11 NewDesignator=C12
Change Component Designator: OldDesignator=C12 NewDesignator=C14
Change Component Designator: OldDesignator=C13 NewDesignator=C15
Change Component Designator: OldDesignator=C14 NewDesignator=C20
Change Component Designator: OldDesignator=C15 NewDesignator=C21
Change Component Designator: OldDesignator=C21 NewDesignator=C17
Change Component Designator: OldDesignator=C22 NewDesignator=C18
Change Component Designator: OldDesignator=C23 NewDesignator=C19
Change Component Designator: OldDesignator=C27 NewDesignator=C26
Change Component Designator: OldDesignator=C28 NewDesignator=C27
Change Component Designator: OldDesignator=C29 NewDesignator=C28
Change Component Designator: OldDesignator=C30 NewDesignator=C29
Change Component Designator: OldDesignator=C31 NewDesignator=C30
Change Component Designator: OldDesignator=C33 NewDesignator=C31
Change Component Designator: OldDesignator=C34 NewDesignator=C33
Change Component Designator: OldDesignator=C35 NewDesignator=C34
Change Component Designator: OldDesignator=C36 NewDesignator=C35
Change Component Designator: OldDesignator=C37 NewDesignator=C36
Change Component Designator: OldDesignator=C38 NewDesignator=C37
Change Component Designator: OldDesignator=C39 NewDesignator=C38
Change Component Designator: OldDesignator=C40 NewDesignator=C39
Change Component Designator: OldDesignator=C41 NewDesignator=C40
Change Component Designator: OldDesignator=D12 NewDesignator=D13
Change Component Designator: OldDesignator=L2 NewDesignator=L1
Change Component Designator: OldDesignator=L3 NewDesignator=L2
Change Component Designator: OldDesignator=L4 NewDesignator=L3
Change Component Designator: OldDesignator=R21 NewDesignator=R20
Change Component Designator: OldDesignator=R23 NewDesignator=R21
Change Component Designator: OldDesignator=R24 NewDesignator=R23
Change Component Designator: OldDesignator=R25 NewDesignator=R24
Change Component Designator: OldDesignator=R26 NewDesignator=R28
Change Component Designator: OldDesignator=R27 NewDesignator=R29
Change Component Designator: OldDesignator=R28 NewDesignator=R30
Change Component Designator: OldDesignator=R30 NewDesignator=R31
Change Component Designator: OldDesignator=R31 NewDesignator=R32
Change Component Designator: OldDesignator=R32 NewDesignator=R33
Change component parameters: Designator = "R22" ("R22"); Footprint = "R0603"; UniqueID = "\HRVTDNTZ" ("\HRVTDNTZ")
Change component parameters (AddParameter): Name = "Value"; Value = "12.4K"; VariantName = "[No Variations]"
Change component parameters: Designator = "C25" ("C25"); Footprint = "WCAP-CSGP_0603_H=0.8mm_Reflow"; UniqueID = "\IOFPTNJI" ("\IOFPTNJI")
Change component parameters (AddParameter): Name = "Capacitance"; Value = "100nF"; VariantName = "[No Variations]"
Change component parameters (AddParameter): Name = "Capacitance Tolerance"; Value = "+/-10%"; VariantName = "[No Variations]"
Change component parameters (AddParameter): Name = "Ceramic Type"; Value = "X7R"; VariantName = "[No Variations]"
Change component parameters (AddParameter): Name = "ComponentLink1Description"; Value = "Manufacturer"; VariantName = "[No Variations]"
Change component parameters (AddParameter): Name = "ComponentLink1URL"; Value = "http://www.we-online.de"; VariantName = "[No Variations]"
Change component parameters (AddParameter): Name = "ComponentLink2Description"; Value = "Datasheet"; VariantName = "[No Variations]"
Change component parameters (AddParameter): Name = "ComponentLink2URL"; Value = "https://www.we-online.com/catalog/datasheet/885012206046.pdf"; VariantName = "[No Variations]"
Change component parameters (AddParameter): Name = "Dissipation Factor"; Value = "#NAME?"; VariantName = "[No Variations]"
Change component parameters (AddParameter): Name = "Height"; Value = "0.8mm"; VariantName = "[No Variations]"
Change component parameters (AddParameter): Name = "Isolation Resistance"; Value = ">=5GOhm"; VariantName = "[No Variations]"
Change component parameters (AddParameter): Name = "Manufacturer"; Value = "Wurth Elektronik"; VariantName = "[No Variations]"
Change component parameters (AddParameter): Name = "Manufacturer Part Number"; Value = "885012206046"; VariantName = "[No Variations]"
Change component parameters (AddParameter): Name = "Mounting Technology"; Value = "SMT"; VariantName = "[No Variations]"
Change component parameters (AddParameter): Name = "Operating Temperature"; Value = "-55 to +125degC"; VariantName = "[No Variations]"
Change component parameters (AddParameter): Name = "Packaging"; Value = "Tape and Reel"; VariantName = "[No Variations]"
Change component parameters (AddParameter): Name = "Published Date"; Value = "May 2020"; VariantName = "[No Variations]"
Change component parameters (AddParameter): Name = "Rated Voltage"; Value = "16VDC"; VariantName = "[No Variations]"
Change component parameters (AddParameter): Name = "Size"; Value = "0603"; VariantName = "[No Variations]"
Change component parameters (AddParameter): Name = "Technical Reference"; Value = "X7R0603104K016DFCT10000"; VariantName = "[No Variations]"
Change component parameters: Designator = "C24" ("C24"); Footprint = "WCAP-CSGP_0805_H=1.25mm"; UniqueID = "\YVJUYVDP" ("\YVJUYVDP")
Change component parameters (AddParameter): Name = "Capacitance"; Value = "100nF"; VariantName = "[No Variations]"
Change component parameters (AddParameter): Name = "Capacitance Tolerance"; Value = "+/-10%"; VariantName = "[No Variations]"
Change component parameters (AddParameter): Name = "Ceramic Type"; Value = "X7R"; VariantName = "[No Variations]"
Change component parameters (AddParameter): Name = "ComponentLink1Description"; Value = "Manufacturer"; VariantName = "[No Variations]"
Change component parameters (AddParameter): Name = "ComponentLink1URL"; Value = "http://www.we-online.de"; VariantName = "[No Variations]"
Change component parameters (AddParameter): Name = "ComponentLink2Description"; Value = "Datasheet"; VariantName = "[No Variations]"
Change component parameters (AddParameter): Name = "ComponentLink2URL"; Value = "https://www.we-online.com/catalog/datasheet/885012206046.pdf"; VariantName = "[No Variations]"
Change component parameters (AddParameter): Name = "Dissipation Factor"; Value = "#NAME?"; VariantName = "[No Variations]"
Change component parameters (AddParameter): Name = "Height"; Value = "0.8mm"; VariantName = "[No Variations]"
Change component parameters (AddParameter): Name = "Isolation Resistance"; Value = ">=5GOhm"; VariantName = "[No Variations]"
Change component parameters (AddParameter): Name = "Manufacturer"; Value = "Wurth Elektronik"; VariantName = "[No Variations]"
Change component parameters (AddParameter): Name = "Manufacturer Part Number"; Value = "885012206046"; VariantName = "[No Variations]"
Change component parameters (AddParameter): Name = "Mounting Technology"; Value = "SMT"; VariantName = "[No Variations]"
Change component parameters (AddParameter): Name = "Operating Temperature"; Value = "-55 to +125degC"; VariantName = "[No Variations]"
Change component parameters (AddParameter): Name = "Packaging"; Value = "Tape and Reel"; VariantName = "[No Variations]"
Change component parameters (AddParameter): Name = "Published Date"; Value = "May 2020"; VariantName = "[No Variations]"
Change component parameters (AddParameter): Name = "Rated Voltage"; Value = "16VDC"; VariantName = "[No Variations]"
Change component parameters (AddParameter): Name = "Size"; Value = "0603"; VariantName = "[No Variations]"
Change component parameters (AddParameter): Name = "Technical Reference"; Value = "X7R0603104K016DFCT10000"; VariantName = "[No Variations]"
Added Component: Designator=C11(WCAP-CSGP_0603_H=0.8mm_Reflow)
Add component (AddParameter): Name = "Capacitance"; Value = "4.7uF"; VariantName = "[No Variations]"
Add component (AddParameter): Name = "Capacitance Tolerance"; Value = "+/-20%"; VariantName = "[No Variations]"
Add component (AddParameter): Name = "Ceramic Type"; Value = "X5R"; VariantName = "[No Variations]"
Add component (AddParameter): Name = "ComponentLink1Description"; Value = "Manufacturer"; VariantName = "[No Variations]"
Add component (AddParameter): Name = "ComponentLink1URL"; Value = "http://www.we-online.de"; VariantName = "[No Variations]"
Add component (AddParameter): Name = "ComponentLink2Description"; Value = "Datasheet"; VariantName = "[No Variations]"
Add component (AddParameter): Name = "ComponentLink2URL"; Value = "https://www.we-online.com/catalog/datasheet/885012106012.pdf"; VariantName = "[No Variations]"
Add component (AddParameter): Name = "Dissipation Factor"; Value = "#NAME?"; VariantName = "[No Variations]"
Add component (AddParameter): Name = "Height"; Value = "0.8mm"; VariantName = "[No Variations]"
Add component (AddParameter): Name = "Isolation Resistance"; Value = ">=0.02GOhm"; VariantName = "[No Variations]"
Add component (AddParameter): Name = "Manufacturer"; Value = "Wurth Elektronik"; VariantName = "[No Variations]"
Add component (AddParameter): Name = "Manufacturer Part Number"; Value = "885012106012"; VariantName = "[No Variations]"
Add component (AddParameter): Name = "Mounting Technology"; Value = "SMT"; VariantName = "[No Variations]"
Add component (AddParameter): Name = "Operating Temperature"; Value = "-55 to +85degC"; VariantName = "[No Variations]"
Add component (AddParameter): Name = "Packaging"; Value = "Tape and Reel"; VariantName = "[No Variations]"
Add component (AddParameter): Name = "Published Date"; Value = "May 2020"; VariantName = "[No Variations]"
Add component (AddParameter): Name = "Rated Voltage"; Value = "10VDC"; VariantName = "[No Variations]"
Add component (AddParameter): Name = "Size"; Value = "0603"; VariantName = "[No Variations]"
Add component (AddParameter): Name = "Technical Reference"; Value = "X5R0603475M010DFCT10000"; VariantName = "[No Variations]"
Added Component: Designator=C13(WCAP-CSGP_0603_H=0.8mm_Reflow)
Add component (AddParameter): Name = "Capacitance"; Value = "10nF"; VariantName = "[No Variations]"
Add component (AddParameter): Name = "Capacitance Tolerance"; Value = "+/-10%"; VariantName = "[No Variations]"
Add component (AddParameter): Name = "Ceramic Type"; Value = "X7R"; VariantName = "[No Variations]"
Add component (AddParameter): Name = "ComponentLink1Description"; Value = "Manufacturer"; VariantName = "[No Variations]"
Add component (AddParameter): Name = "ComponentLink1URL"; Value = "http://www.we-online.de"; VariantName = "[No Variations]"
Add component (AddParameter): Name = "ComponentLink2Description"; Value = "Datasheet"; VariantName = "[No Variations]"
Add component (AddParameter): Name = "ComponentLink2URL"; Value = "https://www.we-online.com/catalog/datasheet/885012206040.pdf"; VariantName = "[No Variations]"
Add component (AddParameter): Name = "Dissipation Factor"; Value = "#NAME?"; VariantName = "[No Variations]"
Add component (AddParameter): Name = "Height"; Value = "0.8mm"; VariantName = "[No Variations]"
Add component (AddParameter): Name = "Isolation Resistance"; Value = ">=10GOhm"; VariantName = "[No Variations]"
Add component (AddParameter): Name = "Manufacturer"; Value = "Wurth Elektronik"; VariantName = "[No Variations]"
Add component (AddParameter): Name = "Manufacturer Part Number"; Value = "885012206040"; VariantName = "[No Variations]"
Add component (AddParameter): Name = "Mounting Technology"; Value = "SMT"; VariantName = "[No Variations]"
Add component (AddParameter): Name = "Operating Temperature"; Value = "-55 to +125degC"; VariantName = "[No Variations]"
Add component (AddParameter): Name = "Packaging"; Value = "Tape and Reel"; VariantName = "[No Variations]"
Add component (AddParameter): Name = "Published Date"; Value = "May 2020"; VariantName = "[No Variations]"
Add component (AddParameter): Name = "Rated Voltage"; Value = "16VDC"; VariantName = "[No Variations]"
Add component (AddParameter): Name = "Size"; Value = "0603"; VariantName = "[No Variations]"
Add component (AddParameter): Name = "Technical Reference"; Value = "X7R0603103K016DFCT10000"; VariantName = "[No Variations]"
Added Component: Designator=C22(WCAP-CSGP_0603_H=0.8mm_Reflow)
Add component (AddParameter): Name = "Capacitance"; Value = "100nF"; VariantName = "[No Variations]"
Add component (AddParameter): Name = "Capacitance Tolerance"; Value = "+/-10%"; VariantName = "[No Variations]"
Add component (AddParameter): Name = "Ceramic Type"; Value = "X7R"; VariantName = "[No Variations]"
Add component (AddParameter): Name = "ComponentLink1Description"; Value = "Manufacturer"; VariantName = "[No Variations]"
Add component (AddParameter): Name = "ComponentLink1URL"; Value = "http://www.we-online.de"; VariantName = "[No Variations]"
Add component (AddParameter): Name = "ComponentLink2Description"; Value = "Datasheet"; VariantName = "[No Variations]"
Add component (AddParameter): Name = "ComponentLink2URL"; Value = "https://www.we-online.com/catalog/datasheet/885012206046.pdf"; VariantName = "[No Variations]"
Add component (AddParameter): Name = "Dissipation Factor"; Value = "#NAME?"; VariantName = "[No Variations]"
Add component (AddParameter): Name = "Height"; Value = "0.8mm"; VariantName = "[No Variations]"
Add component (AddParameter): Name = "Isolation Resistance"; Value = ">=5GOhm"; VariantName = "[No Variations]"
Add component (AddParameter): Name = "Manufacturer"; Value = "Wurth Elektronik"; VariantName = "[No Variations]"
Add component (AddParameter): Name = "Manufacturer Part Number"; Value = "885012206046"; VariantName = "[No Variations]"
Add component (AddParameter): Name = "Mounting Technology"; Value = "SMT"; VariantName = "[No Variations]"
Add component (AddParameter): Name = "Operating Temperature"; Value = "-55 to +125degC"; VariantName = "[No Variations]"
Add component (AddParameter): Name = "Packaging"; Value = "Tape and Reel"; VariantName = "[No Variations]"
Add component (AddParameter): Name = "Published Date"; Value = "May 2020"; VariantName = "[No Variations]"
Add component (AddParameter): Name = "Rated Voltage"; Value = "16VDC"; VariantName = "[No Variations]"
Add component (AddParameter): Name = "Size"; Value = "0603"; VariantName = "[No Variations]"
Add component (AddParameter): Name = "Technical Reference"; Value = "X7R0603104K016DFCT10000"; VariantName = "[No Variations]"
Added Component: Designator=C23(WCAP-CSGP_0603_H=0.8mm_Reflow)
Add component (AddParameter): Name = "Capacitance"; Value = "100nF"; VariantName = "[No Variations]"
Add component (AddParameter): Name = "Capacitance Tolerance"; Value = "+/-10%"; VariantName = "[No Variations]"
Add component (AddParameter): Name = "Ceramic Type"; Value = "X7R"; VariantName = "[No Variations]"
Add component (AddParameter): Name = "ComponentLink1Description"; Value = "Manufacturer"; VariantName = "[No Variations]"
Add component (AddParameter): Name = "ComponentLink1URL"; Value = "http://www.we-online.de"; VariantName = "[No Variations]"
Add component (AddParameter): Name = "ComponentLink2Description"; Value = "Datasheet"; VariantName = "[No Variations]"
Add component (AddParameter): Name = "ComponentLink2URL"; Value = "https://www.we-online.com/catalog/datasheet/885012206046.pdf"; VariantName = "[No Variations]"
Add component (AddParameter): Name = "Dissipation Factor"; Value = "#NAME?"; VariantName = "[No Variations]"
Add component (AddParameter): Name = "Height"; Value = "0.8mm"; VariantName = "[No Variations]"
Add component (AddParameter): Name = "Isolation Resistance"; Value = ">=5GOhm"; VariantName = "[No Variations]"
Add component (AddParameter): Name = "Manufacturer"; Value = "Wurth Elektronik"; VariantName = "[No Variations]"
Add component (AddParameter): Name = "Manufacturer Part Number"; Value = "885012206046"; VariantName = "[No Variations]"
Add component (AddParameter): Name = "Mounting Technology"; Value = "SMT"; VariantName = "[No Variations]"
Add component (AddParameter): Name = "Operating Temperature"; Value = "-55 to +125degC"; VariantName = "[No Variations]"
Add component (AddParameter): Name = "Packaging"; Value = "Tape and Reel"; VariantName = "[No Variations]"
Add component (AddParameter): Name = "Published Date"; Value = "May 2020"; VariantName = "[No Variations]"
Add component (AddParameter): Name = "Rated Voltage"; Value = "16VDC"; VariantName = "[No Variations]"
Add component (AddParameter): Name = "Size"; Value = "0603"; VariantName = "[No Variations]"
Add component (AddParameter): Name = "Technical Reference"; Value = "X7R0603104K016DFCT10000"; VariantName = "[No Variations]"
Added Component: Designator=D12(SS34)
Add component (AddParameter): Name = "Code_JEDEC"; Value = "DO-214-AA"; VariantName = "[No Variations]"
Add component (AddParameter): Name = "LatestRevisionDate"; Value = "17-Jul-2002"; VariantName = "[No Variations]"
Add component (AddParameter): Name = "LatestRevisionNote"; Value = "Re-released for DXP Platform."; VariantName = "[No Variations]"
Add component (AddParameter): Name = "PackageDescription"; Value = "DO-214-AA/SMB; 2 C-Bend Leads; Body 5.3 x 3.6 mm, inc. leads (LxW)"; VariantName = "[No Variations]"
Add component (AddParameter): Name = "PackageReference"; Value = "SMB"; VariantName = "[No Variations]"
Add component (AddParameter): Name = "Published"; Value = "8-Jun-2000"; VariantName = "[No Variations]"
Add component (AddParameter): Name = "Publisher"; Value = "Altium Limited"; VariantName = "[No Variations]"
Added Component: Designator=R25(R0603)
Add component (AddParameter): Name = "Value"; Value = "10K"; VariantName = "[No Variations]"
Added Component: Designator=R26(R0603)
Add component (AddParameter): Name = "Value"; Value = "10K"; VariantName = "[No Variations]"
Added Component: Designator=R27(R0603)
Add component (AddParameter): Name = "Value"; Value = "10K"; VariantName = "[No Variations]"
Added Pin To Net: NetName=GNDA Pin=C11-1
Added Pin To Net: NetName=GNDA Pin=C13-2
Added Pin To Net: NetName=W5100_3V3_A Pin=C20-2
Added Pin To Net: NetName=W5100_3V3_A Pin=C21-2
Added Pin To Net: NetName=GND Pin=C22-1
Added Pin To Net: NetName=W5100_3V3_A Pin=C22-2
Added Pin To Net: NetName=GND Pin=C23-1
Added Pin To Net: NetName=W5100_3V3_A Pin=C23-2
Added Pin To Net: NetName=W5100_3V3_A Pin=C24-2
Added Pin To Net: NetName=W5100_3V3_A Pin=C25-2
Added Pin To Net: NetName=VBUS_UART_ESP Pin=D12-1
Added Pin To Net: NetName=+12V Pin=D12-2
Added Pin To Net: NetName=+12V Pin=D13-2
Added Pin To Net: NetName=GNDA Pin=R22-2
Added Pin To Net: NetName=W5100_3V3_D Pin=R25-2
Added Pin To Net: NetName=W5100_3V3_D Pin=R26-2
Added Pin To Net: NetName=W5100_3V3_D Pin=R27-2
Added Pin To Net: NetName=TXON Pin=U3-1
Added Pin To Net: NetName=TXOP Pin=U3-2
Added Pin To Net: NetName=GNDA Pin=U3-3
Added Pin To Net: NetName=W5100_3V3_A Pin=U3-4
Added Pin To Net: NetName=RXIN Pin=U3-5
Added Pin To Net: NetName=RXIP Pin=U3-6
Added Pin To Net: NetName=W5100_3V3_A Pin=U3-8
Added Pin To Net: NetName=GNDA Pin=U3-9
Added Pin To Net: NetName=NetR22_1 Pin=U3-10
Added Pin To Net: NetName=W5100_3V3_A Pin=U3-11
Added Pin To Net: NetName=GNDA Pin=U3-14
Added Pin To Net: NetName=W5100_3V3_A Pin=U3-15
Added Pin To Net: NetName=GNDA Pin=U3-16
Added Pin To Net: NetName=W5100_3V3_A Pin=U3-17
Added Pin To Net: NetName=GNDA Pin=U3-19
Added Pin To Net: NetName=W5100_3V3_A Pin=U3-21
Added Pin To Net: NetName=GND Pin=U3-23
Added Pin To Net: NetName=SPDLED Pin=U3-24
Added Pin To Net: NetName=LINKLED Pin=U3-25
Added Pin To Net: NetName=+3.3V Pin=U3-28
Added Pin To Net: NetName=GND Pin=U3-29
Added Pin To Net: NetName=XTLP Pin=U3-30
Added Pin To Net: NetName=XTLN Pin=U3-31
Added Pin To Net: NetName=ESP_GPIO_34 Pin=U3-33
Added Pin To Net: NetName=ESP_GPIO_37 Pin=U3-34
Added Pin To Net: NetName=ESP_GPIO_35 Pin=U3-35
Added Pin To Net: NetName=GNDA Pin=U3-48
Change Net Name : Old Net Name=+3.3V_IN_HEADER New Net Name=+5V_IN_HEADER
Change Net Name : Old Net Name=NetC12_1 New Net Name=NetC14_1
Change Net Name : Old Net Name=NetC30_1 New Net Name=NetC29_1
Change Net Name : Old Net Name=NetC31_1 New Net Name=NetC30_1
Change Net Name : Old Net Name=NetC34_1 New Net Name=NetC33_1
Change Net Name : Old Net Name=NetC35_1 New Net Name=NetC34_1
Change Net Name : Old Net Name=NetC36_2 New Net Name=NetC35_2
Change Net Name : Old Net Name=NetC40_2 New Net Name=NetC39_2
Change Net Name : Old Net Name=NetC41_2 New Net Name=NetC40_2
Change Net Name : Old Net Name=NetR30_1 New Net Name=NetR31_1
Change Net Name : Old Net Name=NetR32_2 New Net Name=NetR33_2
Change Net Name : Old Net Name=W5100_3V3_A New Net Name=W5500_3V3_A
Added Pin To Net: NetName=NetC11_2 Pin=C11-2
Added Pin To Net: NetName=NetC11_2 Pin=U3-20
Added Net: Name=NetC11_2
Added Pin To Net: NetName=NetC13_1 Pin=C13-1
Added Pin To Net: NetName=NetC13_1 Pin=U3-22
Added Net: Name=NetC13_1
Added Pin To Net: NetName=NetR25_1 Pin=R25-1
Added Pin To Net: NetName=NetR25_1 Pin=U3-45
Added Net: Name=NetR25_1
Added Pin To Net: NetName=NetR26_1 Pin=R26-1
Added Pin To Net: NetName=NetR26_1 Pin=U3-44
Added Net: Name=NetR26_1
Added Pin To Net: NetName=NetR27_1 Pin=R27-1
Added Pin To Net: NetName=NetR27_1 Pin=U3-43
Added Net: Name=NetR27_1
Added Pin To Net: NetName=W5500_3V3_D Pin=R20-2
Added Pin To Net: NetName=W5500_3V3_D Pin=R21-2
Added Net: Name=W5500_3V3_D
Added Member To Class: ClassName=06_Power_Supply Member=Component D13 D Schottky
Added Member To Class: ClassName=05_Ethernet_Interface Member=Component R28 Resistor
Added Member To Class: ClassName=05_Ethernet_Interface Member=Component R29 Resistor
Added Member To Class: ClassName=06_Power_Supply Member=Component R33 RESISTOR SMD
Added Member To Class: ClassName=07_CAN_Interface Member=Component R35 RESISTOR SMD
Added Member To Class: ClassName=07_CAN_Interface Member=Component R37 RESISTOR SMD
Added Member To Class: ClassName=07_CAN_Interface Member=Component R38 RESISTOR SMD
Added Member To Class: ClassName=07_CAN_Interface Member=Component R39 RESISTOR SMD
Added Member To Class: ClassName=07_CAN_Interface Member=Component R41 RESISTOR SMD
Added Member To Class: ClassName=07_CAN_Interface Member=Component R42 RESISTOR SMD
