Removed Pin From Net: NetName=GNDA Pin=C10-2
Removed Pin From Net: NetName=W5500_3V3_A Pin=C12-2
Removed Pin From Net: NetName=GNDA Pin=C14-2
Removed Pin From Net: NetName=TXOP Pin=P2-1
Removed Pin From Net: NetName=TXON Pin=P2-2
Removed Pin From Net: NetName=RXIP Pin=P2-3
Removed Pin From Net: NetName=W5500_3V3_A Pin=P2-4
Removed Pin From Net: NetName=W5500_3V3_A Pin=P2-5
Removed Pin From Net: NetName=RXIN Pin=P2-6
Removed Pin From Net: NetName=GNDA Pin=P2-8
Removed Pin From Net: NetName=TXOP Pin=R18-1
Removed Pin From Net: NetName=NetC10_1 Pin=R18-2
Removed Pin From Net: NetName=TXON Pin=R19-1
Removed Pin From Net: NetName=NetC10_1 Pin=R19-2
Removed Pin From Net: NetName=RXIP Pin=R23-1
Removed Pin From Net: NetName=RXIN Pin=R24-1
Removed Member From Class: ClassName=07_CAN_Interface Member=D13
Change Component Comment : Designator=C10 Old Comment=100nF, 16V New Comment=6.8nF, 16V
Change Component Comment : Designator=C12 Old Comment=100nF, 16V New Comment=22pF, 25V
Change Component Designator: OldDesignator=C11 NewDesignator=C13
Change Component Designator: OldDesignator=C13 NewDesignator=C14
Change Component Designator: OldDesignator=C15 NewDesignator=C16
Change Component Designator: OldDesignator=C16 NewDesignator=C17
Change Component Designator: OldDesignator=C17 NewDesignator=C18
Change Component Designator: OldDesignator=C18 NewDesignator=C19
Change Component Designator: OldDesignator=C19 NewDesignator=C20
Change Component Designator: OldDesignator=C20 NewDesignator=C21
Change Component Designator: OldDesignator=C21 NewDesignator=C22
Change Component Designator: OldDesignator=C22 NewDesignator=C23
Change Component Designator: OldDesignator=C23 NewDesignator=C24
Change Component Designator: OldDesignator=C24 NewDesignator=C25
Change Component Designator: OldDesignator=C25 NewDesignator=C26
Change Component Designator: OldDesignator=C26 NewDesignator=C27
Change Component Designator: OldDesignator=C27 NewDesignator=C28
Change Component Designator: OldDesignator=C28 NewDesignator=C29
Change Component Designator: OldDesignator=C29 NewDesignator=C30
Change Component Designator: OldDesignator=C30 NewDesignator=C31
Change Component Designator: OldDesignator=C31 NewDesignator=C32
Change Component Designator: OldDesignator=C32 NewDesignator=C33
Change Component Designator: OldDesignator=C33 NewDesignator=C34
Change Component Designator: OldDesignator=C34 NewDesignator=C35
Change Component Designator: OldDesignator=C35 NewDesignator=C36
Change Component Designator: OldDesignator=C36 NewDesignator=C37
Change Component Designator: OldDesignator=C37 NewDesignator=C38
Change Component Designator: OldDesignator=C38 NewDesignator=C39
Change Component Designator: OldDesignator=C39 NewDesignator=C40
Change Component Designator: OldDesignator=C40 NewDesignator=C41
Change Component Designator: OldDesignator=R18 NewDesignator=R20
Change Component Designator: OldDesignator=R19 NewDesignator=R21
Change Component Designator: OldDesignator=R20 NewDesignator=R23
Change Component Designator: OldDesignator=R21 NewDesignator=R25
Change Component Designator: OldDesignator=R22 NewDesignator=R27
Change Component Designator: OldDesignator=R23 NewDesignator=R28
Change Component Designator: OldDesignator=R24 NewDesignator=R29
Change Component Designator: OldDesignator=R25 NewDesignator=R30
Change Component Designator: OldDesignator=R26 NewDesignator=R31
Change Component Designator: OldDesignator=R27 NewDesignator=R32
Change Component Designator: OldDesignator=R28 NewDesignator=R33
Change Component Designator: OldDesignator=R29 NewDesignator=R34
Change Component Designator: OldDesignator=R30 NewDesignator=R35
Change Component Designator: OldDesignator=R31 NewDesignator=R36
Change Component Designator: OldDesignator=R32 NewDesignator=R37
Change Component Designator: OldDesignator=R33 NewDesignator=R38
Change Component Designator: OldDesignator=R34 NewDesignator=R39
Change Component Designator: OldDesignator=R35 NewDesignator=R40
Change Component Designator: OldDesignator=R36 NewDesignator=R41
Change Component Designator: OldDesignator=R37 NewDesignator=R42
Change Component Designator: OldDesignator=R38 NewDesignator=R43
Change Component Designator: OldDesignator=R39 NewDesignator=R44
Change Component Designator: OldDesignator=R40 NewDesignator=R45
Change Component Designator: OldDesignator=R41 NewDesignator=R46
Change Component Designator: OldDesignator=R42 NewDesignator=R47
Change Component Designator: OldDesignator=R43 NewDesignator=R48
Change Component Designator: OldDesignator=R44 NewDesignator=R49
Change component parameters: Designator = "C10" ("C10"); Footprint = "WCAP-CSGP_0603_H=0.8mm_Reflow"; UniqueID = "\IJLQIJFJ" ("\IJLQIJFJ")
Change component parameters (AddParameter): Name = "Capacitance"; Value = "6.8nF"; VariantName = "[No Variations]"
Change component parameters (AddParameter): Name = "Capacitance Tolerance"; Value = "+/-10%"; VariantName = "[No Variations]"
Change component parameters (AddParameter): Name = "Ceramic Type"; Value = "X7R"; VariantName = "[No Variations]"
Change component parameters (AddParameter): Name = "ComponentLink1Description"; Value = "Manufacturer"; VariantName = "[No Variations]"
Change component parameters (AddParameter): Name = "ComponentLink1URL"; Value = "http://www.we-online.de"; VariantName = "[No Variations]"
Change component parameters (AddParameter): Name = "ComponentLink2Description"; Value = "Datasheet"; VariantName = "[No Variations]"
Change component parameters (AddParameter): Name = "ComponentLink2URL"; Value = "https://www.we-online.com/catalog/datasheet/885012206039.pdf"; VariantName = "[No Variations]"
Change component parameters (AddParameter): Name = "Dissipation Factor"; Value = "#NAME?"; VariantName = "[No Variations]"
Change component parameters (AddParameter): Name = "Height"; Value = "0.8mm"; VariantName = "[No Variations]"
Change component parameters (AddParameter): Name = "Isolation Resistance"; Value = ">=10GOhm"; VariantName = "[No Variations]"
Change component parameters (AddParameter): Name = "Manufacturer"; Value = "Wurth Elektronik"; VariantName = "[No Variations]"
Change component parameters (AddParameter): Name = "Manufacturer Part Number"; Value = "885012206039"; VariantName = "[No Variations]"
Change component parameters (AddParameter): Name = "Mounting Technology"; Value = "SMT"; VariantName = "[No Variations]"
Change component parameters (AddParameter): Name = "Operating Temperature"; Value = "-55 to +125degC"; VariantName = "[No Variations]"
Change component parameters (AddParameter): Name = "Packaging"; Value = "Tape and Reel"; VariantName = "[No Variations]"
Change component parameters (AddParameter): Name = "Published Date"; Value = "May 2020"; VariantName = "[No Variations]"
Change component parameters (AddParameter): Name = "Rated Voltage"; Value = "16VDC"; VariantName = "[No Variations]"
Change component parameters (AddParameter): Name = "Size"; Value = "0603"; VariantName = "[No Variations]"
Change component parameters (AddParameter): Name = "Technical Reference"; Value = "X7R0603682K016DFCT10000"; VariantName = "[No Variations]"
Change component parameters: Designator = "C12" ("C12"); Footprint = "WCAP-CSGP_0603_H=0.8mm_Reflow"; UniqueID = "\DBSZJDFM" ("\DBSZJDFM")
Change component parameters (AddParameter): Name = "Capacitance"; Value = "22pF"; VariantName = "[No Variations]"
Change component parameters (AddParameter): Name = "Capacitance Tolerance"; Value = "+/-5%"; VariantName = "[No Variations]"
Change component parameters (AddParameter): Name = "Ceramic Type"; Value = "NP0"; VariantName = "[No Variations]"
Change component parameters (AddParameter): Name = "ComponentLink1Description"; Value = "Manufacturer"; VariantName = "[No Variations]"
Change component parameters (AddParameter): Name = "ComponentLink1URL"; Value = "http://www.we-online.de"; VariantName = "[No Variations]"
Change component parameters (AddParameter): Name = "ComponentLink2Description"; Value = "Datasheet"; VariantName = "[No Variations]"
Change component parameters (AddParameter): Name = "ComponentLink2URL"; Value = "https://www.we-online.com/catalog/datasheet/885012006034.pdf"; VariantName = "[No Variations]"
Change component parameters (AddParameter): Name = "Dissipation Factor"; Value = "Q>=400+20C"; VariantName = "[No Variations]"
Change component parameters (AddParameter): Name = "Height"; Value = "0.8mm"; VariantName = "[No Variations]"
Change component parameters (AddParameter): Name = "Isolation Resistance"; Value = ">=10GOhm"; VariantName = "[No Variations]"
Change component parameters (AddParameter): Name = "Manufacturer"; Value = "Wurth Elektronik"; VariantName = "[No Variations]"
Change component parameters (AddParameter): Name = "Manufacturer Part Number"; Value = "885012006034"; VariantName = "[No Variations]"
Change component parameters (AddParameter): Name = "Mounting Technology"; Value = "SMT"; VariantName = "[No Variations]"
Change component parameters (AddParameter): Name = "Operating Temperature"; Value = "-55 to +125degC"; VariantName = "[No Variations]"
Change component parameters (AddParameter): Name = "Packaging"; Value = "Tape and Reel"; VariantName = "[No Variations]"
Change component parameters (AddParameter): Name = "Published Date"; Value = "May 2020"; VariantName = "[No Variations]"
Change component parameters (AddParameter): Name = "Rated Voltage"; Value = "25VDC"; VariantName = "[No Variations]"
Change component parameters (AddParameter): Name = "Size"; Value = "0603"; VariantName = "[No Variations]"
Change component parameters (AddParameter): Name = "Technical Reference"; Value = "NP00603220J025DFCT10000"; VariantName = "[No Variations]"
Added Component: Designator=C11(WCAP-CSGP_0603_H=0.8mm_Reflow)
Add component (AddParameter): Name = "Capacitance"; Value = "6.8nF"; VariantName = "[No Variations]"
Add component (AddParameter): Name = "Capacitance Tolerance"; Value = "+/-10%"; VariantName = "[No Variations]"
Add component (AddParameter): Name = "Ceramic Type"; Value = "X7R"; VariantName = "[No Variations]"
Add component (AddParameter): Name = "ComponentLink1Description"; Value = "Manufacturer"; VariantName = "[No Variations]"
Add component (AddParameter): Name = "ComponentLink1URL"; Value = "http://www.we-online.de"; VariantName = "[No Variations]"
Add component (AddParameter): Name = "ComponentLink2Description"; Value = "Datasheet"; VariantName = "[No Variations]"
Add component (AddParameter): Name = "ComponentLink2URL"; Value = "https://www.we-online.com/catalog/datasheet/885012206039.pdf"; VariantName = "[No Variations]"
Add component (AddParameter): Name = "Dissipation Factor"; Value = "#NAME?"; VariantName = "[No Variations]"
Add component (AddParameter): Name = "Height"; Value = "0.8mm"; VariantName = "[No Variations]"
Add component (AddParameter): Name = "Isolation Resistance"; Value = ">=10GOhm"; VariantName = "[No Variations]"
Add component (AddParameter): Name = "Manufacturer"; Value = "Wurth Elektronik"; VariantName = "[No Variations]"
Add component (AddParameter): Name = "Manufacturer Part Number"; Value = "885012206039"; VariantName = "[No Variations]"
Add component (AddParameter): Name = "Mounting Technology"; Value = "SMT"; VariantName = "[No Variations]"
Add component (AddParameter): Name = "Operating Temperature"; Value = "-55 to +125degC"; VariantName = "[No Variations]"
Add component (AddParameter): Name = "Packaging"; Value = "Tape and Reel"; VariantName = "[No Variations]"
Add component (AddParameter): Name = "Published Date"; Value = "May 2020"; VariantName = "[No Variations]"
Add component (AddParameter): Name = "Rated Voltage"; Value = "16VDC"; VariantName = "[No Variations]"
Add component (AddParameter): Name = "Size"; Value = "0603"; VariantName = "[No Variations]"
Add component (AddParameter): Name = "Technical Reference"; Value = "X7R0603682K016DFCT10000"; VariantName = "[No Variations]"
Added Component: Designator=C15(WCAP-CSGP_0603_H=0.8mm_Reflow)
Add component (AddParameter): Name = "Capacitance"; Value = "10nF"; VariantName = "[No Variations]"
Add component (AddParameter): Name = "Capacitance Tolerance"; Value = "+/-10%"; VariantName = "[No Variations]"
Add component (AddParameter): Name = "Ceramic Type"; Value = "X7R"; VariantName = "[No Variations]"
Add component (AddParameter): Name = "ComponentLink1Description"; Value = "Manufacturer"; VariantName = "[No Variations]"
Add component (AddParameter): Name = "ComponentLink1URL"; Value = "http://www.we-online.de"; VariantName = "[No Variations]"
Add component (AddParameter): Name = "ComponentLink2Description"; Value = "Datasheet"; VariantName = "[No Variations]"
Add component (AddParameter): Name = "ComponentLink2URL"; Value = "https://www.we-online.com/catalog/datasheet/885012206014.pdf"; VariantName = "[No Variations]"
Add component (AddParameter): Name = "Dissipation Factor"; Value = "#NAME?"; VariantName = "[No Variations]"
Add component (AddParameter): Name = "Height"; Value = "0.8mm"; VariantName = "[No Variations]"
Add component (AddParameter): Name = "Isolation Resistance"; Value = ">=10GOhm"; VariantName = "[No Variations]"
Add component (AddParameter): Name = "Manufacturer"; Value = "Wurth Elektronik"; VariantName = "[No Variations]"
Add component (AddParameter): Name = "Manufacturer Part Number"; Value = "885012206014"; VariantName = "[No Variations]"
Add component (AddParameter): Name = "Mounting Technology"; Value = "SMT"; VariantName = "[No Variations]"
Add component (AddParameter): Name = "Operating Temperature"; Value = "-55 to +125degC"; VariantName = "[No Variations]"
Add component (AddParameter): Name = "Packaging"; Value = "Tape and Reel"; VariantName = "[No Variations]"
Add component (AddParameter): Name = "Published Date"; Value = "May 2020"; VariantName = "[No Variations]"
Add component (AddParameter): Name = "Rated Voltage"; Value = "10VDC"; VariantName = "[No Variations]"
Add component (AddParameter): Name = "Size"; Value = "0603"; VariantName = "[No Variations]"
Add component (AddParameter): Name = "Technical Reference"; Value = "X7R0603103K010DFCT10000"; VariantName = "[No Variations]"
Added Component: Designator=R18(R0603)
Add component (AddParameter): Name = "Value"; Value = "33"; VariantName = "[No Variations]"
Added Component: Designator=R19(R0603)
Add component (AddParameter): Name = "Value"; Value = "10"; VariantName = "[No Variations]"
Added Component: Designator=R22(R0603)
Add component (AddParameter): Name = "Value"; Value = "33"; VariantName = "[No Variations]"
Added Component: Designator=R24(R0603)
Add component (AddParameter): Name = "Value"; Value = "33"; VariantName = "[No Variations]"
Added Component: Designator=R26(R0603)
Add component (AddParameter): Name = "Value"; Value = "33"; VariantName = "[No Variations]"
Added Pin To Net: NetName=GNDA Pin=C15-1
Added Pin To Net: NetName=NetC10_1 Pin=P2-3
Added Pin To Net: NetName=CHASSIC GND Pin=P2-8
Added Pin To Net: NetName=TXOP Pin=R18-1
Added Pin To Net: NetName=W5500_3V3_A Pin=R19-2
Added Pin To Net: NetName=W5500_3V3_A Pin=R20-2
Added Pin To Net: NetName=W5500_3V3_A Pin=R21-2
Added Pin To Net: NetName=TXON Pin=R22-1
Added Pin To Net: NetName=RXIP Pin=R24-1
Added Pin To Net: NetName=RXIN Pin=R26-1
Added Pin To Net: NetName=NetC10_1 Pin=R28-1
Change Net Name : Old Net Name=NetC11_2 New Net Name=NetC13_2
Change Net Name : Old Net Name=NetC13_1 New Net Name=NetC14_1
Change Net Name : Old Net Name=NetC29_1 New Net Name=NetC30_1
Change Net Name : Old Net Name=NetC33_1 New Net Name=NetC34_1
Change Net Name : Old Net Name=NetC34_1 New Net Name=NetC35_1
Change Net Name : Old Net Name=NetC35_2 New Net Name=NetC36_2
Change Net Name : Old Net Name=NetC39_2 New Net Name=NetC40_2
Change Net Name : Old Net Name=NetC40_2 New Net Name=NetC41_2
Change Net Name : Old Net Name=NetR22_1 New Net Name=NetR27_1
Change Net Name : Old Net Name=NetR25_1 New Net Name=NetR30_1
Change Net Name : Old Net Name=NetR26_1 New Net Name=NetR31_1
Change Net Name : Old Net Name=NetR27_1 New Net Name=NetR32_1
Change Net Name : Old Net Name=NetR31_1 New Net Name=NetR36_1
Change Net Name : Old Net Name=NetR33_2 New Net Name=NetR38_2
Change Net Name : Old Net Name=NetR37_2 New Net Name=NetR42_2
Change Net Name : Old Net Name=NetR39_2 New Net Name=NetR44_2
Change Net Name : Old Net Name=NetR41_1 New Net Name=NetR46_1
Change Net Name : Old Net Name=NetR43_2 New Net Name=NetR48_2
Added Pin To Net: NetName=NetC10_2 Pin=C10-2
Added Pin To Net: NetName=NetC10_2 Pin=R24-2
Added Net: Name=NetC10_2
Added Pin To Net: NetName=NetC11_1 Pin=C11-1
Added Pin To Net: NetName=NetC11_1 Pin=P2-6
Added Pin To Net: NetName=NetC11_1 Pin=R29-1
Added Net: Name=NetC11_1
Added Pin To Net: NetName=NetC11_2 Pin=C11-2
Added Pin To Net: NetName=NetC11_2 Pin=R26-2
Added Net: Name=NetC11_2
Added Pin To Net: NetName=NetC12_2 Pin=C12-2
Added Pin To Net: NetName=NetC12_2 Pin=P2-4
Added Pin To Net: NetName=NetC12_2 Pin=R19-1
Added Net: Name=NetC12_2
Added Pin To Net: NetName=NetC15_2 Pin=C15-2
Added Pin To Net: NetName=NetC15_2 Pin=P2-5
Added Pin To Net: NetName=NetC15_2 Pin=R28-2
Added Pin To Net: NetName=NetC15_2 Pin=R29-2
Added Net: Name=NetC15_2
Added Pin To Net: NetName=NetP2_1 Pin=P2-1
Added Pin To Net: NetName=NetP2_1 Pin=R18-2
Added Pin To Net: NetName=NetP2_1 Pin=R20-1
Added Net: Name=NetP2_1
Added Pin To Net: NetName=NetP2_2 Pin=P2-2
Added Pin To Net: NetName=NetP2_2 Pin=R21-1
Added Pin To Net: NetName=NetP2_2 Pin=R22-2
Added Net: Name=NetP2_2
Added Member To Class: ClassName=05_Ethernet_Interface Member=Component C29 10nF, 16V
Added Member To Class: ClassName=06_Power_Supply Member=Component D8 D Schottky
Added Member To Class: ClassName=06_Power_Supply Member=Component D11 D Schottky
Added Member To Class: ClassName=06_Power_Supply Member=Component D13 Red, 2V
Added Member To Class: ClassName=07_CAN_Interface Member=Component D14 SMF05C
Added Member To Class: ClassName=05_Ethernet_Interface Member=Component R31 Resistor
Added Member To Class: ClassName=05_Ethernet_Interface Member=Component R32 Resistor
Added Member To Class: ClassName=05_Ethernet_Interface Member=Component R33 Resistor
Added Member To Class: ClassName=05_Ethernet_Interface Member=Component R34 Resistor
Added Member To Class: ClassName=05_Ethernet_Interface Member=Component R35 Resistor
Added Member To Class: ClassName=06_Power_Supply Member=Component TP6 Test point
Added Member To Class: ClassName=06_Power_Supply Member=Component TP7 Test point
Added Member To Class: ClassName=06_Power_Supply Member=Component TP8 Test point
